Build started 20/03/2018 21:46:13.
     1>Project "C:\Users\connor.connor-PC\Desktop\Programming Projects\GitHub\Arctic Engine\Arctic Engine\Arctic Engine.vcxproj" on node 2 (Build target(s)).
     1>ClCompile:
         C:\Program Files (x86)\Microsoft Visual Studio 11.0\VC\bin\CL.exe /c /ZI /nologo /W3 /WX- /Od /Oy- /D _MBCS /Gm /EHsc /RTC1 /MTd /GS /fp:precise /Zc:wchar_t /Zc:forScope /Fo"Debug\\" /Fd"Debug\vc110.pdb" /Gd /TP /analyze- /errorReport:prompt Sources\Audio.cpp Sources\Barrel.cpp Sources\Bounds.cpp Sources\BoxCollider.cpp Sources\Component.cpp Sources\Cube.cpp Sources\CustomMotionState.cpp Sources\DebugDrawer.cpp Sources\Engine_Core.cpp Sources\Floor.cpp Sources\GameObject.cpp Sources\Input.cpp Sources\Light.cpp Sources\Lighting.cpp Sources\Main.cpp Sources\MeshRenderer.cpp Sources\OBJLoader.cpp Sources\Physics.cpp Sources\Player.cpp Sources\Resources.cpp Sources\SDL.cpp Sources\SkyBox.cpp Sources\Time.cpp Sources\Transform.cpp Sources\Wheel.cpp
         Wheel.cpp
     1>c:\users\connor.connor-pc\desktop\programming projects\github\arctic engine\deps\include\bullet\linearmath\btidebugdraw.h(169): warning C4305: 'argument' : truncation from 'double' to 'const btScalar'
     1>c:\users\connor.connor-pc\desktop\programming projects\github\arctic engine\deps\include\bullet\linearmath\btidebugdraw.h(170): warning C4305: 'argument' : truncation from 'double' to 'const btScalar'
     1>c:\users\connor.connor-pc\desktop\programming projects\github\arctic engine\deps\include\bullet\linearmath\btidebugdraw.h(171): warning C4305: 'argument' : truncation from 'double' to 'const btScalar'
         Transform.cpp
     1>c:\users\connor.connor-pc\desktop\programming projects\github\arctic engine\deps\include\bullet\linearmath\btidebugdraw.h(169): warning C4305: 'argument' : truncation from 'double' to 'const btScalar'
     1>c:\users\connor.connor-pc\desktop\programming projects\github\arctic engine\deps\include\bullet\linearmath\btidebugdraw.h(170): warning C4305: 'argument' : truncation from 'double' to 'const btScalar'
     1>c:\users\connor.connor-pc\desktop\programming projects\github\arctic engine\deps\include\bullet\linearmath\btidebugdraw.h(171): warning C4305: 'argument' : truncation from 'double' to 'const btScalar'
         Time.cpp
         SkyBox.cpp
     1>c:\users\connor.connor-pc\desktop\programming projects\github\arctic engine\deps\include\bullet\linearmath\btidebugdraw.h(169): warning C4305: 'argument' : truncation from 'double' to 'const btScalar'
     1>c:\users\connor.connor-pc\desktop\programming projects\github\arctic engine\deps\include\bullet\linearmath\btidebugdraw.h(170): warning C4305: 'argument' : truncation from 'double' to 'const btScalar'
     1>c:\users\connor.connor-pc\desktop\programming projects\github\arctic engine\deps\include\bullet\linearmath\btidebugdraw.h(171): warning C4305: 'argument' : truncation from 'double' to 'const btScalar'
         SDL.cpp
         Resources.cpp
         Player.cpp
     1>c:\users\connor.connor-pc\desktop\programming projects\github\arctic engine\deps\include\bullet\linearmath\btidebugdraw.h(169): warning C4305: 'argument' : truncation from 'double' to 'const btScalar'
     1>c:\users\connor.connor-pc\desktop\programming projects\github\arctic engine\deps\include\bullet\linearmath\btidebugdraw.h(170): warning C4305: 'argument' : truncation from 'double' to 'const btScalar'
     1>c:\users\connor.connor-pc\desktop\programming projects\github\arctic engine\deps\include\bullet\linearmath\btidebugdraw.h(171): warning C4305: 'argument' : truncation from 'double' to 'const btScalar'
     1>c:\users\connor.connor-pc\desktop\programming projects\github\arctic engine\arctic engine\sources\player.cpp(109): warning C4244: 'initializing' : conversion from 'double' to 'float', possible loss of data
         Physics.cpp
     1>c:\users\connor.connor-pc\desktop\programming projects\github\arctic engine\deps\include\bullet\linearmath\btidebugdraw.h(169): warning C4305: 'argument' : truncation from 'double' to 'const btScalar'
     1>c:\users\connor.connor-pc\desktop\programming projects\github\arctic engine\deps\include\bullet\linearmath\btidebugdraw.h(170): warning C4305: 'argument' : truncation from 'double' to 'const btScalar'
     1>c:\users\connor.connor-pc\desktop\programming projects\github\arctic engine\deps\include\bullet\linearmath\btidebugdraw.h(171): warning C4305: 'argument' : truncation from 'double' to 'const btScalar'
     1>c:\users\connor.connor-pc\desktop\programming projects\github\arctic engine\arctic engine\sources\physics.cpp(35): warning C4244: 'argument' : conversion from 'double' to 'btScalar', possible loss of data
         OBJLoader.cpp
         MeshRenderer.cpp
         Main.cpp
     1>c:\users\connor.connor-pc\desktop\programming projects\github\arctic engine\arctic engine\sources\main.cpp(1): warning C4067: unexpected tokens following preprocessor directive - expected a newline
     1>c:\users\connor.connor-pc\desktop\programming projects\github\arctic engine\deps\include\bullet\linearmath\btidebugdraw.h(169): warning C4305: 'argument' : truncation from 'double' to 'const btScalar'
     1>c:\users\connor.connor-pc\desktop\programming projects\github\arctic engine\deps\include\bullet\linearmath\btidebugdraw.h(170): warning C4305: 'argument' : truncation from 'double' to 'const btScalar'
     1>c:\users\connor.connor-pc\desktop\programming projects\github\arctic engine\deps\include\bullet\linearmath\btidebugdraw.h(171): warning C4305: 'argument' : truncation from 'double' to 'const btScalar'
         Lighting.cpp
     1>c:\users\connor.connor-pc\desktop\programming projects\github\arctic engine\deps\include\bullet\linearmath\btidebugdraw.h(169): warning C4305: 'argument' : truncation from 'double' to 'const btScalar'
     1>c:\users\connor.connor-pc\desktop\programming projects\github\arctic engine\deps\include\bullet\linearmath\btidebugdraw.h(170): warning C4305: 'argument' : truncation from 'double' to 'const btScalar'
     1>c:\users\connor.connor-pc\desktop\programming projects\github\arctic engine\deps\include\bullet\linearmath\btidebugdraw.h(171): warning C4305: 'argument' : truncation from 'double' to 'const btScalar'
         Light.cpp
         Input.cpp
         GameObject.cpp
         Floor.cpp
     1>c:\users\connor.connor-pc\desktop\programming projects\github\arctic engine\deps\include\bullet\linearmath\btidebugdraw.h(169): warning C4305: 'argument' : truncation from 'double' to 'const btScalar'
     1>c:\users\connor.connor-pc\desktop\programming projects\github\arctic engine\deps\include\bullet\linearmath\btidebugdraw.h(170): warning C4305: 'argument' : truncation from 'double' to 'const btScalar'
     1>c:\users\connor.connor-pc\desktop\programming projects\github\arctic engine\deps\include\bullet\linearmath\btidebugdraw.h(171): warning C4305: 'argument' : truncation from 'double' to 'const btScalar'
         Engine_Core.cpp
     1>c:\users\connor.connor-pc\desktop\programming projects\github\arctic engine\deps\include\bullet\linearmath\btidebugdraw.h(169): warning C4305: 'argument' : truncation from 'double' to 'const btScalar'
     1>c:\users\connor.connor-pc\desktop\programming projects\github\arctic engine\deps\include\bullet\linearmath\btidebugdraw.h(170): warning C4305: 'argument' : truncation from 'double' to 'const btScalar'
     1>c:\users\connor.connor-pc\desktop\programming projects\github\arctic engine\deps\include\bullet\linearmath\btidebugdraw.h(171): warning C4305: 'argument' : truncation from 'double' to 'const btScalar'
     1>c:\users\connor.connor-pc\desktop\programming projects\github\arctic engine\arctic engine\sources\engine_core.cpp(15): warning C4244: 'argument' : conversion from 'time_t' to 'unsigned int', possible loss of data
         DebugDrawer.cpp
     1>c:\users\connor.connor-pc\desktop\programming projects\github\arctic engine\deps\include\bullet\linearmath\btidebugdraw.h(169): warning C4305: 'argument' : truncation from 'double' to 'const btScalar'
     1>c:\users\connor.connor-pc\desktop\programming projects\github\arctic engine\deps\include\bullet\linearmath\btidebugdraw.h(170): warning C4305: 'argument' : truncation from 'double' to 'const btScalar'
     1>c:\users\connor.connor-pc\desktop\programming projects\github\arctic engine\deps\include\bullet\linearmath\btidebugdraw.h(171): warning C4305: 'argument' : truncation from 'double' to 'const btScalar'
         CustomMotionState.cpp
     1>c:\users\connor.connor-pc\desktop\programming projects\github\arctic engine\deps\include\bullet\linearmath\btidebugdraw.h(169): warning C4305: 'argument' : truncation from 'double' to 'const btScalar'
     1>c:\users\connor.connor-pc\desktop\programming projects\github\arctic engine\deps\include\bullet\linearmath\btidebugdraw.h(170): warning C4305: 'argument' : truncation from 'double' to 'const btScalar'
     1>c:\users\connor.connor-pc\desktop\programming projects\github\arctic engine\deps\include\bullet\linearmath\btidebugdraw.h(171): warning C4305: 'argument' : truncation from 'double' to 'const btScalar'
         Cube.cpp
     1>c:\users\connor.connor-pc\desktop\programming projects\github\arctic engine\deps\include\bullet\linearmath\btidebugdraw.h(169): warning C4305: 'argument' : truncation from 'double' to 'const btScalar'
     1>c:\users\connor.connor-pc\desktop\programming projects\github\arctic engine\deps\include\bullet\linearmath\btidebugdraw.h(170): warning C4305: 'argument' : truncation from 'double' to 'const btScalar'
     1>c:\users\connor.connor-pc\desktop\programming projects\github\arctic engine\deps\include\bullet\linearmath\btidebugdraw.h(171): warning C4305: 'argument' : truncation from 'double' to 'const btScalar'
         Generating Code...
         Compiling...
         Component.cpp
         BoxCollider.cpp
     1>c:\users\connor.connor-pc\desktop\programming projects\github\arctic engine\deps\include\bullet\linearmath\btidebugdraw.h(169): warning C4305: 'argument' : truncation from 'double' to 'const btScalar'
     1>c:\users\connor.connor-pc\desktop\programming projects\github\arctic engine\deps\include\bullet\linearmath\btidebugdraw.h(170): warning C4305: 'argument' : truncation from 'double' to 'const btScalar'
     1>c:\users\connor.connor-pc\desktop\programming projects\github\arctic engine\deps\include\bullet\linearmath\btidebugdraw.h(171): warning C4305: 'argument' : truncation from 'double' to 'const btScalar'
         Bounds.cpp
         Barrel.cpp
     1>c:\users\connor.connor-pc\desktop\programming projects\github\arctic engine\deps\include\bullet\linearmath\btidebugdraw.h(169): warning C4305: 'argument' : truncation from 'double' to 'const btScalar'
     1>c:\users\connor.connor-pc\desktop\programming projects\github\arctic engine\deps\include\bullet\linearmath\btidebugdraw.h(170): warning C4305: 'argument' : truncation from 'double' to 'const btScalar'
     1>c:\users\connor.connor-pc\desktop\programming projects\github\arctic engine\deps\include\bullet\linearmath\btidebugdraw.h(171): warning C4305: 'argument' : truncation from 'double' to 'const btScalar'
         Audio.cpp
         Generating Code...
       Link:
         C:\Program Files (x86)\Microsoft Visual Studio 11.0\VC\bin\link.exe /ERRORREPORT:PROMPT /OUT:"C:\Users\connor.connor-PC\Desktop\Programming Projects\GitHub\Arctic Engine\Debug\Arctic Engine.exe" /INCREMENTAL /NOLOGO BulletCollision_debug.lib BulletDynamics_debug.lib LinearMath_debug.lib SDL2.lib SDL2main.lib opengl32.lib glew32.lib glew32s.lib SDL2_image.lib openal.lib SDL2_mixer.lib kernel32.lib user32.lib gdi32.lib winspool.lib comdlg32.lib advapi32.lib shell32.lib ole32.lib oleaut32.lib uuid.lib odbc32.lib odbccp32.lib /MANIFEST /MANIFESTUAC:"level='asInvoker' uiAccess='false'" /manifest:embed /DEBUG /PDB:"C:\Users\connor.connor-PC\Desktop\Programming Projects\GitHub\Arctic Engine\Debug\Arctic Engine.pdb" /SUBSYSTEM:CONSOLE /TLBID:1 /DYNAMICBASE /NXCOMPAT /IMPLIB:"C:\Users\connor.connor-PC\Desktop\Programming Projects\GitHub\Arctic Engine\Debug\Arctic Engine.lib" /MACHINE:X86 Debug\Audio.obj
         Debug\Barrel.obj
         Debug\Bounds.obj
         Debug\BoxCollider.obj
         Debug\Component.obj
         Debug\Cube.obj
         Debug\CustomMotionState.obj
         Debug\DebugDrawer.obj
         Debug\Engine_Core.obj
         Debug\Floor.obj
         Debug\GameObject.obj
         Debug\Input.obj
         Debug\Light.obj
         Debug\Lighting.obj
         Debug\Main.obj
         Debug\MeshRenderer.obj
         Debug\OBJLoader.obj
         Debug\Physics.obj
         Debug\Player.obj
         Debug\Resources.obj
         Debug\SDL.obj
         Debug\SkyBox.obj
         Debug\Time.obj
         Debug\Transform.obj
         Debug\Wheel.obj
     1>BulletCollision_debug.lib(btCollisionAlgorithm.obj) : warning LNK4099: PDB 'bulletcollision_vs2010_debug.pdb' was not found with 'BulletCollision_debug.lib(btCollisionAlgorithm.obj)' or at 'C:\Users\connor.connor-PC\Desktop\Programming Projects\GitHub\Arctic Engine\Debug\bulletcollision_vs2010_debug.pdb'; linking object as if no debug info
     1>BulletCollision_debug.lib(btDbvt.obj) : warning LNK4099: PDB 'bulletcollision_vs2010_debug.pdb' was not found with 'BulletCollision_debug.lib(btDbvt.obj)' or at 'C:\Users\connor.connor-PC\Desktop\Programming Projects\GitHub\Arctic Engine\Debug\bulletcollision_vs2010_debug.pdb'; linking object as if no debug info
     1>BulletCollision_debug.lib(btDbvtBroadphase.obj) : warning LNK4099: PDB 'bulletcollision_vs2010_debug.pdb' was not found with 'BulletCollision_debug.lib(btDbvtBroadphase.obj)' or at 'C:\Users\connor.connor-PC\Desktop\Programming Projects\GitHub\Arctic Engine\Debug\bulletcollision_vs2010_debug.pdb'; linking object as if no debug info
     1>BulletCollision_debug.lib(btDispatcher.obj) : warning LNK4099: PDB 'bulletcollision_vs2010_debug.pdb' was not found with 'BulletCollision_debug.lib(btDispatcher.obj)' or at 'C:\Users\connor.connor-PC\Desktop\Programming Projects\GitHub\Arctic Engine\Debug\bulletcollision_vs2010_debug.pdb'; linking object as if no debug info
     1>BulletCollision_debug.lib(btOverlappingPairCache.obj) : warning LNK4099: PDB 'bulletcollision_vs2010_debug.pdb' was not found with 'BulletCollision_debug.lib(btOverlappingPairCache.obj)' or at 'C:\Users\connor.connor-PC\Desktop\Programming Projects\GitHub\Arctic Engine\Debug\bulletcollision_vs2010_debug.pdb'; linking object as if no debug info
     1>BulletCollision_debug.lib(btQuantizedBvh.obj) : warning LNK4099: PDB 'bulletcollision_vs2010_debug.pdb' was not found with 'BulletCollision_debug.lib(btQuantizedBvh.obj)' or at 'C:\Users\connor.connor-PC\Desktop\Programming Projects\GitHub\Arctic Engine\Debug\bulletcollision_vs2010_debug.pdb'; linking object as if no debug info
     1>BulletCollision_debug.lib(btActivatingCollisionAlgorithm.obj) : warning LNK4099: PDB 'bulletcollision_vs2010_debug.pdb' was not found with 'BulletCollision_debug.lib(btActivatingCollisionAlgorithm.obj)' or at 'C:\Users\connor.connor-PC\Desktop\Programming Projects\GitHub\Arctic Engine\Debug\bulletcollision_vs2010_debug.pdb'; linking object as if no debug info
     1>BulletCollision_debug.lib(btBoxBoxCollisionAlgorithm.obj) : warning LNK4099: PDB 'bulletcollision_vs2010_debug.pdb' was not found with 'BulletCollision_debug.lib(btBoxBoxCollisionAlgorithm.obj)' or at 'C:\Users\connor.connor-PC\Desktop\Programming Projects\GitHub\Arctic Engine\Debug\bulletcollision_vs2010_debug.pdb'; linking object as if no debug info
     1>BulletCollision_debug.lib(btBoxBoxDetector.obj) : warning LNK4099: PDB 'bulletcollision_vs2010_debug.pdb' was not found with 'BulletCollision_debug.lib(btBoxBoxDetector.obj)' or at 'C:\Users\connor.connor-PC\Desktop\Programming Projects\GitHub\Arctic Engine\Debug\bulletcollision_vs2010_debug.pdb'; linking object as if no debug info
     1>BulletCollision_debug.lib(btCollisionDispatcher.obj) : warning LNK4099: PDB 'bulletcollision_vs2010_debug.pdb' was not found with 'BulletCollision_debug.lib(btCollisionDispatcher.obj)' or at 'C:\Users\connor.connor-PC\Desktop\Programming Projects\GitHub\Arctic Engine\Debug\bulletcollision_vs2010_debug.pdb'; linking object as if no debug info
     1>BulletCollision_debug.lib(btCollisionObject.obj) : warning LNK4099: PDB 'bulletcollision_vs2010_debug.pdb' was not found with 'BulletCollision_debug.lib(btCollisionObject.obj)' or at 'C:\Users\connor.connor-PC\Desktop\Programming Projects\GitHub\Arctic Engine\Debug\bulletcollision_vs2010_debug.pdb'; linking object as if no debug info
     1>BulletCollision_debug.lib(btCollisionWorld.obj) : warning LNK4099: PDB 'bulletcollision_vs2010_debug.pdb' was not found with 'BulletCollision_debug.lib(btCollisionWorld.obj)' or at 'C:\Users\connor.connor-PC\Desktop\Programming Projects\GitHub\Arctic Engine\Debug\bulletcollision_vs2010_debug.pdb'; linking object as if no debug info
     1>BulletCollision_debug.lib(btCompoundCollisionAlgorithm.obj) : warning LNK4099: PDB 'bulletcollision_vs2010_debug.pdb' was not found with 'BulletCollision_debug.lib(btCompoundCollisionAlgorithm.obj)' or at 'C:\Users\connor.connor-PC\Desktop\Programming Projects\GitHub\Arctic Engine\Debug\bulletcollision_vs2010_debug.pdb'; linking object as if no debug info
     1>BulletCollision_debug.lib(btCompoundCompoundCollisionAlgorithm.obj) : warning LNK4099: PDB 'bulletcollision_vs2010_debug.pdb' was not found with 'BulletCollision_debug.lib(btCompoundCompoundCollisionAlgorithm.obj)' or at 'C:\Users\connor.connor-PC\Desktop\Programming Projects\GitHub\Arctic Engine\Debug\bulletcollision_vs2010_debug.pdb'; linking object as if no debug info
     1>BulletCollision_debug.lib(btConvexConcaveCollisionAlgorithm.obj) : warning LNK4099: PDB 'bulletcollision_vs2010_debug.pdb' was not found with 'BulletCollision_debug.lib(btConvexConcaveCollisionAlgorithm.obj)' or at 'C:\Users\connor.connor-PC\Desktop\Programming Projects\GitHub\Arctic Engine\Debug\bulletcollision_vs2010_debug.pdb'; linking object as if no debug info
     1>BulletCollision_debug.lib(btConvexConvexAlgorithm.obj) : warning LNK4099: PDB 'bulletcollision_vs2010_debug.pdb' was not found with 'BulletCollision_debug.lib(btConvexConvexAlgorithm.obj)' or at 'C:\Users\connor.connor-PC\Desktop\Programming Projects\GitHub\Arctic Engine\Debug\bulletcollision_vs2010_debug.pdb'; linking object as if no debug info
     1>BulletCollision_debug.lib(btConvexPlaneCollisionAlgorithm.obj) : warning LNK4099: PDB 'bulletcollision_vs2010_debug.pdb' was not found with 'BulletCollision_debug.lib(btConvexPlaneCollisionAlgorithm.obj)' or at 'C:\Users\connor.connor-PC\Desktop\Programming Projects\GitHub\Arctic Engine\Debug\bulletcollision_vs2010_debug.pdb'; linking object as if no debug info
     1>BulletCollision_debug.lib(btDefaultCollisionConfiguration.obj) : warning LNK4099: PDB 'bulletcollision_vs2010_debug.pdb' was not found with 'BulletCollision_debug.lib(btDefaultCollisionConfiguration.obj)' or at 'C:\Users\connor.connor-PC\Desktop\Programming Projects\GitHub\Arctic Engine\Debug\bulletcollision_vs2010_debug.pdb'; linking object as if no debug info
     1>BulletCollision_debug.lib(btEmptyCollisionAlgorithm.obj) : warning LNK4099: PDB 'bulletcollision_vs2010_debug.pdb' was not found with 'BulletCollision_debug.lib(btEmptyCollisionAlgorithm.obj)' or at 'C:\Users\connor.connor-PC\Desktop\Programming Projects\GitHub\Arctic Engine\Debug\bulletcollision_vs2010_debug.pdb'; linking object as if no debug info
     1>BulletCollision_debug.lib(btHashedSimplePairCache.obj) : warning LNK4099: PDB 'bulletcollision_vs2010_debug.pdb' was not found with 'BulletCollision_debug.lib(btHashedSimplePairCache.obj)' or at 'C:\Users\connor.connor-PC\Desktop\Programming Projects\GitHub\Arctic Engine\Debug\bulletcollision_vs2010_debug.pdb'; linking object as if no debug info
     1>BulletCollision_debug.lib(btManifoldResult.obj) : warning LNK4099: PDB 'bulletcollision_vs2010_debug.pdb' was not found with 'BulletCollision_debug.lib(btManifoldResult.obj)' or at 'C:\Users\connor.connor-PC\Desktop\Programming Projects\GitHub\Arctic Engine\Debug\bulletcollision_vs2010_debug.pdb'; linking object as if no debug info
     1>BulletCollision_debug.lib(btSimulationIslandManager.obj) : warning LNK4099: PDB 'bulletcollision_vs2010_debug.pdb' was not found with 'BulletCollision_debug.lib(btSimulationIslandManager.obj)' or at 'C:\Users\connor.connor-PC\Desktop\Programming Projects\GitHub\Arctic Engine\Debug\bulletcollision_vs2010_debug.pdb'; linking object as if no debug info
     1>BulletCollision_debug.lib(btSphereSphereCollisionAlgorithm.obj) : warning LNK4099: PDB 'bulletcollision_vs2010_debug.pdb' was not found with 'BulletCollision_debug.lib(btSphereSphereCollisionAlgorithm.obj)' or at 'C:\Users\connor.connor-PC\Desktop\Programming Projects\GitHub\Arctic Engine\Debug\bulletcollision_vs2010_debug.pdb'; linking object as if no debug info
     1>BulletCollision_debug.lib(btSphereTriangleCollisionAlgorithm.obj) : warning LNK4099: PDB 'bulletcollision_vs2010_debug.pdb' was not found with 'BulletCollision_debug.lib(btSphereTriangleCollisionAlgorithm.obj)' or at 'C:\Users\connor.connor-PC\Desktop\Programming Projects\GitHub\Arctic Engine\Debug\bulletcollision_vs2010_debug.pdb'; linking object as if no debug info
     1>BulletCollision_debug.lib(btUnionFind.obj) : warning LNK4099: PDB 'bulletcollision_vs2010_debug.pdb' was not found with 'BulletCollision_debug.lib(btUnionFind.obj)' or at 'C:\Users\connor.connor-PC\Desktop\Programming Projects\GitHub\Arctic Engine\Debug\bulletcollision_vs2010_debug.pdb'; linking object as if no debug info
     1>BulletCollision_debug.lib(SphereTriangleDetector.obj) : warning LNK4099: PDB 'bulletcollision_vs2010_debug.pdb' was not found with 'BulletCollision_debug.lib(SphereTriangleDetector.obj)' or at 'C:\Users\connor.connor-PC\Desktop\Programming Projects\GitHub\Arctic Engine\Debug\bulletcollision_vs2010_debug.pdb'; linking object as if no debug info
     1>BulletCollision_debug.lib(btBoxShape.obj) : warning LNK4099: PDB 'bulletcollision_vs2010_debug.pdb' was not found with 'BulletCollision_debug.lib(btBoxShape.obj)' or at 'C:\Users\connor.connor-PC\Desktop\Programming Projects\GitHub\Arctic Engine\Debug\bulletcollision_vs2010_debug.pdb'; linking object as if no debug info
     1>BulletCollision_debug.lib(btBvhTriangleMeshShape.obj) : warning LNK4099: PDB 'bulletcollision_vs2010_debug.pdb' was not found with 'BulletCollision_debug.lib(btBvhTriangleMeshShape.obj)' or at 'C:\Users\connor.connor-PC\Desktop\Programming Projects\GitHub\Arctic Engine\Debug\bulletcollision_vs2010_debug.pdb'; linking object as if no debug info
     1>BulletCollision_debug.lib(btCollisionShape.obj) : warning LNK4099: PDB 'bulletcollision_vs2010_debug.pdb' was not found with 'BulletCollision_debug.lib(btCollisionShape.obj)' or at 'C:\Users\connor.connor-PC\Desktop\Programming Projects\GitHub\Arctic Engine\Debug\bulletcollision_vs2010_debug.pdb'; linking object as if no debug info
     1>BulletCollision_debug.lib(btConcaveShape.obj) : warning LNK4099: PDB 'bulletcollision_vs2010_debug.pdb' was not found with 'BulletCollision_debug.lib(btConcaveShape.obj)' or at 'C:\Users\connor.connor-PC\Desktop\Programming Projects\GitHub\Arctic Engine\Debug\bulletcollision_vs2010_debug.pdb'; linking object as if no debug info
     1>BulletCollision_debug.lib(btConvexInternalShape.obj) : warning LNK4099: PDB 'bulletcollision_vs2010_debug.pdb' was not found with 'BulletCollision_debug.lib(btConvexInternalShape.obj)' or at 'C:\Users\connor.connor-PC\Desktop\Programming Projects\GitHub\Arctic Engine\Debug\bulletcollision_vs2010_debug.pdb'; linking object as if no debug info
     1>BulletCollision_debug.lib(btConvexPolyhedron.obj) : warning LNK4099: PDB 'bulletcollision_vs2010_debug.pdb' was not found with 'BulletCollision_debug.lib(btConvexPolyhedron.obj)' or at 'C:\Users\connor.connor-PC\Desktop\Programming Projects\GitHub\Arctic Engine\Debug\bulletcollision_vs2010_debug.pdb'; linking object as if no debug info
     1>BulletCollision_debug.lib(btConvexShape.obj) : warning LNK4099: PDB 'bulletcollision_vs2010_debug.pdb' was not found with 'BulletCollision_debug.lib(btConvexShape.obj)' or at 'C:\Users\connor.connor-PC\Desktop\Programming Projects\GitHub\Arctic Engine\Debug\bulletcollision_vs2010_debug.pdb'; linking object as if no debug info
     1>BulletCollision_debug.lib(btOptimizedBvh.obj) : warning LNK4099: PDB 'bulletcollision_vs2010_debug.pdb' was not found with 'BulletCollision_debug.lib(btOptimizedBvh.obj)' or at 'C:\Users\connor.connor-PC\Desktop\Programming Projects\GitHub\Arctic Engine\Debug\bulletcollision_vs2010_debug.pdb'; linking object as if no debug info
     1>BulletCollision_debug.lib(btPolyhedralConvexShape.obj) : warning LNK4099: PDB 'bulletcollision_vs2010_debug.pdb' was not found with 'BulletCollision_debug.lib(btPolyhedralConvexShape.obj)' or at 'C:\Users\connor.connor-PC\Desktop\Programming Projects\GitHub\Arctic Engine\Debug\bulletcollision_vs2010_debug.pdb'; linking object as if no debug info
     1>BulletCollision_debug.lib(btSphereShape.obj) : warning LNK4099: PDB 'bulletcollision_vs2010_debug.pdb' was not found with 'BulletCollision_debug.lib(btSphereShape.obj)' or at 'C:\Users\connor.connor-PC\Desktop\Programming Projects\GitHub\Arctic Engine\Debug\bulletcollision_vs2010_debug.pdb'; linking object as if no debug info
     1>BulletCollision_debug.lib(btTriangleCallback.obj) : warning LNK4099: PDB 'bulletcollision_vs2010_debug.pdb' was not found with 'BulletCollision_debug.lib(btTriangleCallback.obj)' or at 'C:\Users\connor.connor-PC\Desktop\Programming Projects\GitHub\Arctic Engine\Debug\bulletcollision_vs2010_debug.pdb'; linking object as if no debug info
     1>BulletCollision_debug.lib(btTriangleMeshShape.obj) : warning LNK4099: PDB 'bulletcollision_vs2010_debug.pdb' was not found with 'BulletCollision_debug.lib(btTriangleMeshShape.obj)' or at 'C:\Users\connor.connor-PC\Desktop\Programming Projects\GitHub\Arctic Engine\Debug\bulletcollision_vs2010_debug.pdb'; linking object as if no debug info
     1>BulletCollision_debug.lib(btContinuousConvexCollision.obj) : warning LNK4099: PDB 'bulletcollision_vs2010_debug.pdb' was not found with 'BulletCollision_debug.lib(btContinuousConvexCollision.obj)' or at 'C:\Users\connor.connor-PC\Desktop\Programming Projects\GitHub\Arctic Engine\Debug\bulletcollision_vs2010_debug.pdb'; linking object as if no debug info
     1>BulletCollision_debug.lib(btConvexCast.obj) : warning LNK4099: PDB 'bulletcollision_vs2010_debug.pdb' was not found with 'BulletCollision_debug.lib(btConvexCast.obj)' or at 'C:\Users\connor.connor-PC\Desktop\Programming Projects\GitHub\Arctic Engine\Debug\bulletcollision_vs2010_debug.pdb'; linking object as if no debug info
     1>BulletCollision_debug.lib(btGjkConvexCast.obj) : warning LNK4099: PDB 'bulletcollision_vs2010_debug.pdb' was not found with 'BulletCollision_debug.lib(btGjkConvexCast.obj)' or at 'C:\Users\connor.connor-PC\Desktop\Programming Projects\GitHub\Arctic Engine\Debug\bulletcollision_vs2010_debug.pdb'; linking object as if no debug info
     1>BulletCollision_debug.lib(btGjkEpa2.obj) : warning LNK4099: PDB 'bulletcollision_vs2010_debug.pdb' was not found with 'BulletCollision_debug.lib(btGjkEpa2.obj)' or at 'C:\Users\connor.connor-PC\Desktop\Programming Projects\GitHub\Arctic Engine\Debug\bulletcollision_vs2010_debug.pdb'; linking object as if no debug info
     1>BulletCollision_debug.lib(btGjkEpaPenetrationDepthSolver.obj) : warning LNK4099: PDB 'bulletcollision_vs2010_debug.pdb' was not found with 'BulletCollision_debug.lib(btGjkEpaPenetrationDepthSolver.obj)' or at 'C:\Users\connor.connor-PC\Desktop\Programming Projects\GitHub\Arctic Engine\Debug\bulletcollision_vs2010_debug.pdb'; linking object as if no debug info
     1>BulletCollision_debug.lib(btGjkPairDetector.obj) : warning LNK4099: PDB 'bulletcollision_vs2010_debug.pdb' was not found with 'BulletCollision_debug.lib(btGjkPairDetector.obj)' or at 'C:\Users\connor.connor-PC\Desktop\Programming Projects\GitHub\Arctic Engine\Debug\bulletcollision_vs2010_debug.pdb'; linking object as if no debug info
     1>BulletCollision_debug.lib(btMinkowskiPenetrationDepthSolver.obj) : warning LNK4099: PDB 'bulletcollision_vs2010_debug.pdb' was not found with 'BulletCollision_debug.lib(btMinkowskiPenetrationDepthSolver.obj)' or at 'C:\Users\connor.connor-PC\Desktop\Programming Projects\GitHub\Arctic Engine\Debug\bulletcollision_vs2010_debug.pdb'; linking object as if no debug info
     1>BulletCollision_debug.lib(btPersistentManifold.obj) : warning LNK4099: PDB 'bulletcollision_vs2010_debug.pdb' was not found with 'BulletCollision_debug.lib(btPersistentManifold.obj)' or at 'C:\Users\connor.connor-PC\Desktop\Programming Projects\GitHub\Arctic Engine\Debug\bulletcollision_vs2010_debug.pdb'; linking object as if no debug info
     1>BulletCollision_debug.lib(btPolyhedralContactClipping.obj) : warning LNK4099: PDB 'bulletcollision_vs2010_debug.pdb' was not found with 'BulletCollision_debug.lib(btPolyhedralContactClipping.obj)' or at 'C:\Users\connor.connor-PC\Desktop\Programming Projects\GitHub\Arctic Engine\Debug\bulletcollision_vs2010_debug.pdb'; linking object as if no debug info
     1>BulletCollision_debug.lib(btRaycastCallback.obj) : warning LNK4099: PDB 'bulletcollision_vs2010_debug.pdb' was not found with 'BulletCollision_debug.lib(btRaycastCallback.obj)' or at 'C:\Users\connor.connor-PC\Desktop\Programming Projects\GitHub\Arctic Engine\Debug\bulletcollision_vs2010_debug.pdb'; linking object as if no debug info
     1>BulletCollision_debug.lib(btSubSimplexConvexCast.obj) : warning LNK4099: PDB 'bulletcollision_vs2010_debug.pdb' was not found with 'BulletCollision_debug.lib(btSubSimplexConvexCast.obj)' or at 'C:\Users\connor.connor-PC\Desktop\Programming Projects\GitHub\Arctic Engine\Debug\bulletcollision_vs2010_debug.pdb'; linking object as if no debug info
     1>BulletCollision_debug.lib(btVoronoiSimplexSolver.obj) : warning LNK4099: PDB 'bulletcollision_vs2010_debug.pdb' was not found with 'BulletCollision_debug.lib(btVoronoiSimplexSolver.obj)' or at 'C:\Users\connor.connor-PC\Desktop\Programming Projects\GitHub\Arctic Engine\Debug\bulletcollision_vs2010_debug.pdb'; linking object as if no debug info
     1>BulletDynamics_debug.lib(btDiscreteDynamicsWorld.obj) : warning LNK4099: PDB 'bulletdynamics_vs2010_debug.pdb' was not found with 'BulletDynamics_debug.lib(btDiscreteDynamicsWorld.obj)' or at 'C:\Users\connor.connor-PC\Desktop\Programming Projects\GitHub\Arctic Engine\Debug\bulletdynamics_vs2010_debug.pdb'; linking object as if no debug info
     1>BulletDynamics_debug.lib(btRigidBody.obj) : warning LNK4099: PDB 'bulletdynamics_vs2010_debug.pdb' was not found with 'BulletDynamics_debug.lib(btRigidBody.obj)' or at 'C:\Users\connor.connor-PC\Desktop\Programming Projects\GitHub\Arctic Engine\Debug\bulletdynamics_vs2010_debug.pdb'; linking object as if no debug info
     1>BulletDynamics_debug.lib(btConeTwistConstraint.obj) : warning LNK4099: PDB 'bulletdynamics_vs2010_debug.pdb' was not found with 'BulletDynamics_debug.lib(btConeTwistConstraint.obj)' or at 'C:\Users\connor.connor-PC\Desktop\Programming Projects\GitHub\Arctic Engine\Debug\bulletdynamics_vs2010_debug.pdb'; linking object as if no debug info
     1>BulletDynamics_debug.lib(btGeneric6DofConstraint.obj) : warning LNK4099: PDB 'bulletdynamics_vs2010_debug.pdb' was not found with 'BulletDynamics_debug.lib(btGeneric6DofConstraint.obj)' or at 'C:\Users\connor.connor-PC\Desktop\Programming Projects\GitHub\Arctic Engine\Debug\bulletdynamics_vs2010_debug.pdb'; linking object as if no debug info
     1>BulletDynamics_debug.lib(btSequentialImpulseConstraintSolver.obj) : warning LNK4099: PDB 'bulletdynamics_vs2010_debug.pdb' was not found with 'BulletDynamics_debug.lib(btSequentialImpulseConstraintSolver.obj)' or at 'C:\Users\connor.connor-PC\Desktop\Programming Projects\GitHub\Arctic Engine\Debug\bulletdynamics_vs2010_debug.pdb'; linking object as if no debug info
     1>BulletDynamics_debug.lib(btTypedConstraint.obj) : warning LNK4099: PDB 'bulletdynamics_vs2010_debug.pdb' was not found with 'BulletDynamics_debug.lib(btTypedConstraint.obj)' or at 'C:\Users\connor.connor-PC\Desktop\Programming Projects\GitHub\Arctic Engine\Debug\bulletdynamics_vs2010_debug.pdb'; linking object as if no debug info
     1>LinearMath_debug.lib(btAlignedAllocator.obj) : warning LNK4099: PDB 'linearmath_vs2010_debug.pdb' was not found with 'LinearMath_debug.lib(btAlignedAllocator.obj)' or at 'C:\Users\connor.connor-PC\Desktop\Programming Projects\GitHub\Arctic Engine\Debug\linearmath_vs2010_debug.pdb'; linking object as if no debug info
     1>LinearMath_debug.lib(btConvexHullComputer.obj) : warning LNK4099: PDB 'linearmath_vs2010_debug.pdb' was not found with 'LinearMath_debug.lib(btConvexHullComputer.obj)' or at 'C:\Users\connor.connor-PC\Desktop\Programming Projects\GitHub\Arctic Engine\Debug\linearmath_vs2010_debug.pdb'; linking object as if no debug info
     1>LinearMath_debug.lib(btGeometryUtil.obj) : warning LNK4099: PDB 'linearmath_vs2010_debug.pdb' was not found with 'LinearMath_debug.lib(btGeometryUtil.obj)' or at 'C:\Users\connor.connor-PC\Desktop\Programming Projects\GitHub\Arctic Engine\Debug\linearmath_vs2010_debug.pdb'; linking object as if no debug info
     1>LinearMath_debug.lib(btQuickprof.obj) : warning LNK4099: PDB 'linearmath_vs2010_debug.pdb' was not found with 'LinearMath_debug.lib(btQuickprof.obj)' or at 'C:\Users\connor.connor-PC\Desktop\Programming Projects\GitHub\Arctic Engine\Debug\linearmath_vs2010_debug.pdb'; linking object as if no debug info
     1>LinearMath_debug.lib(btVector3.obj) : warning LNK4099: PDB 'linearmath_vs2010_debug.pdb' was not found with 'LinearMath_debug.lib(btVector3.obj)' or at 'C:\Users\connor.connor-PC\Desktop\Programming Projects\GitHub\Arctic Engine\Debug\linearmath_vs2010_debug.pdb'; linking object as if no debug info
         Arctic Engine.vcxproj -> C:\Users\connor.connor-PC\Desktop\Programming Projects\GitHub\Arctic Engine\Debug\Arctic Engine.exe
     1>Done Building Project "C:\Users\connor.connor-PC\Desktop\Programming Projects\GitHub\Arctic Engine\Arctic Engine\Arctic Engine.vcxproj" (Build target(s)).

Build succeeded.

Time Elapsed 00:00:33.06
