C:\USERS\CONNOR.CONNOR-PC\DESKTOP\ARCTIC ENGINE3\ARCTIC ENGINE\DEBUG\CUBE.OBJ
C:\USERS\CONNOR.CONNOR-PC\DESKTOP\ARCTIC ENGINE3\ARCTIC ENGINE\DEBUG\CUSTOMMOTIONSTATE.OBJ
C:\USERS\CONNOR.CONNOR-PC\DESKTOP\ARCTIC ENGINE3\ARCTIC ENGINE\DEBUG\DEBUGDRAWER.OBJ
C:\USERS\CONNOR.CONNOR-PC\DESKTOP\ARCTIC ENGINE3\ARCTIC ENGINE\DEBUG\ENGINE_CORE.OBJ
C:\USERS\CONNOR.CONNOR-PC\DESKTOP\ARCTIC ENGINE3\ARCTIC ENGINE\DEBUG\FLOOR.OBJ
C:\USERS\CONNOR.CONNOR-PC\DESKTOP\ARCTIC ENGINE3\ARCTIC ENGINE\DEBUG\GAMEOBJECT.OBJ
C:\USERS\CONNOR.CONNOR-PC\DESKTOP\ARCTIC ENGINE3\ARCTIC ENGINE\DEBUG\INPUT.OBJ
C:\USERS\CONNOR.CONNOR-PC\DESKTOP\ARCTIC ENGINE3\ARCTIC ENGINE\DEBUG\LIGHT.OBJ
C:\USERS\CONNOR.CONNOR-PC\DESKTOP\ARCTIC ENGINE3\ARCTIC ENGINE\DEBUG\LIGHTING.OBJ
C:\USERS\CONNOR.CONNOR-PC\DESKTOP\ARCTIC ENGINE3\ARCTIC ENGINE\DEBUG\MAIN.OBJ
C:\USERS\CONNOR.CONNOR-PC\DESKTOP\ARCTIC ENGINE3\ARCTIC ENGINE\DEBUG\MESHRENDERER.OBJ
C:\USERS\CONNOR.CONNOR-PC\DESKTOP\ARCTIC ENGINE3\ARCTIC ENGINE\DEBUG\OBJLOADER.OBJ
C:\USERS\CONNOR.CONNOR-PC\DESKTOP\ARCTIC ENGINE3\ARCTIC ENGINE\DEBUG\OPENGL.OBJ
C:\USERS\CONNOR.CONNOR-PC\DESKTOP\ARCTIC ENGINE3\ARCTIC ENGINE\DEBUG\PHYSICS.OBJ
C:\USERS\CONNOR.CONNOR-PC\DESKTOP\ARCTIC ENGINE3\ARCTIC ENGINE\DEBUG\PLAYER.OBJ
C:\USERS\CONNOR.CONNOR-PC\DESKTOP\ARCTIC ENGINE3\ARCTIC ENGINE\DEBUG\RESOURCES.OBJ
C:\USERS\CONNOR.CONNOR-PC\DESKTOP\ARCTIC ENGINE3\ARCTIC ENGINE\DEBUG\RIGHTWHEELS.OBJ
C:\USERS\CONNOR.CONNOR-PC\DESKTOP\ARCTIC ENGINE3\ARCTIC ENGINE\DEBUG\SDL.OBJ
C:\USERS\CONNOR.CONNOR-PC\DESKTOP\ARCTIC ENGINE3\ARCTIC ENGINE\DEBUG\TIME.OBJ
C:\USERS\CONNOR.CONNOR-PC\DESKTOP\ARCTIC ENGINE3\ARCTIC ENGINE\DEBUG\TRANSFORM.OBJ
C:\USERS\CONNOR.CONNOR-PC\DESKTOP\ARCTIC ENGINE3\ARCTIC ENGINE\DEBUG\BOUNDS.OBJ
C:\USERS\CONNOR.CONNOR-PC\DESKTOP\ARCTIC ENGINE3\ARCTIC ENGINE\DEBUG\BOXCOLLIDER.OBJ
C:\USERS\CONNOR.CONNOR-PC\DESKTOP\ARCTIC ENGINE3\ARCTIC ENGINE\DEBUG\COMPONENT.OBJ
C:\USERS\CONNOR.CONNOR-PC\DESKTOP\ARCTIC ENGINE3\ARCTIC ENGINE\DEBUG\VC110.PDB
C:\USERS\CONNOR.CONNOR-PC\DESKTOP\ARCTIC ENGINE3\ARCTIC ENGINE\DEBUG\WHEEL.OBJ
C:\USERS\CONNOR.CONNOR-PC\DESKTOP\ARCTIC ENGINE3\ARCTIC ENGINE\DEBUG\BARREL.OBJ
C:\USERS\CONNOR.CONNOR-PC\DESKTOP\ARCTIC ENGINE3\ARCTIC ENGINE\DEBUG\SKYBOX.OBJ
C:\USERS\CONNOR.CONNOR-PC\DESKTOP\ARCTIC ENGINE3\ARCTIC ENGINE\DEBUG\AUDIO.OBJ
C:\USERS\CONNOR.CONNOR-PC\DESKTOP\ARCTIC ENGINE3\DEBUG\ARCTIC ENGINE.ILK
C:\USERS\CONNOR.CONNOR-PC\DESKTOP\ARCTIC ENGINE3\DEBUG\ARCTIC ENGINE.EXE
C:\USERS\CONNOR.CONNOR-PC\DESKTOP\ARCTIC ENGINE3\DEBUG\ARCTIC ENGINE.PDB
C:\Users\connor.connor-PC\Desktop\Arctic Engine3\Arctic Engine\Debug\Audio.obj
C:\Users\connor.connor-PC\Desktop\Arctic Engine3\Arctic Engine\Debug\Barrel.obj
C:\Users\connor.connor-PC\Desktop\Arctic Engine3\Arctic Engine\Debug\Component.obj
C:\Users\connor.connor-PC\Desktop\Arctic Engine3\Arctic Engine\Debug\Cube.obj
C:\Users\connor.connor-PC\Desktop\Arctic Engine3\Arctic Engine\Debug\DebugDrawer.obj
C:\Users\connor.connor-PC\Desktop\Arctic Engine3\Arctic Engine\Debug\Engine_Core.obj
C:\Users\connor.connor-PC\Desktop\Arctic Engine3\Arctic Engine\Debug\Floor.obj
C:\Users\connor.connor-PC\Desktop\Arctic Engine3\Arctic Engine\Debug\GameObject.obj
C:\Users\connor.connor-PC\Desktop\Arctic Engine3\Arctic Engine\Debug\Input.obj
C:\Users\connor.connor-PC\Desktop\Arctic Engine3\Arctic Engine\Debug\Lighting.obj
C:\Users\connor.connor-PC\Desktop\Arctic Engine3\Arctic Engine\Debug\Main.obj
C:\Users\connor.connor-PC\Desktop\Arctic Engine3\Arctic Engine\Debug\OBJLoader.obj
C:\Users\connor.connor-PC\Desktop\Arctic Engine3\Arctic Engine\Debug\OpenGL.obj
C:\Users\connor.connor-PC\Desktop\Arctic Engine3\Arctic Engine\Debug\Player.obj
C:\Users\connor.connor-PC\Desktop\Arctic Engine3\Arctic Engine\Debug\Resources.obj
C:\Users\connor.connor-PC\Desktop\Arctic Engine3\Arctic Engine\Debug\RightWheels.obj
C:\Users\connor.connor-PC\Desktop\Arctic Engine3\Arctic Engine\Debug\SDL.obj
C:\Users\connor.connor-PC\Desktop\Arctic Engine3\Arctic Engine\Debug\SkyBox.obj
C:\Users\connor.connor-PC\Desktop\Arctic Engine3\Arctic Engine\Debug\Time.obj
C:\Users\connor.connor-PC\Desktop\Arctic Engine3\Arctic Engine\Debug\Wheel.obj
C:\Users\connor.connor-PC\Desktop\Arctic Engine3\Arctic Engine\Debug\cl.command.1.tlog
C:\Users\connor.connor-PC\Desktop\Arctic Engine3\Arctic Engine\Debug\CL.read.1.tlog
C:\Users\connor.connor-PC\Desktop\Arctic Engine3\Arctic Engine\Debug\CL.write.1.tlog
C:\Users\connor.connor-PC\Desktop\Arctic Engine3\Arctic Engine\Debug\link-cvtres.read.1.tlog
C:\Users\connor.connor-PC\Desktop\Arctic Engine3\Arctic Engine\Debug\link-cvtres.write.1.tlog
C:\Users\connor.connor-PC\Desktop\Arctic Engine3\Arctic Engine\Debug\link-rc.read.1.tlog
C:\Users\connor.connor-PC\Desktop\Arctic Engine3\Arctic Engine\Debug\link-rc.write.1.tlog
C:\Users\connor.connor-PC\Desktop\Arctic Engine3\Arctic Engine\Debug\link.1016-cvtres.read.1.tlog
C:\Users\connor.connor-PC\Desktop\Arctic Engine3\Arctic Engine\Debug\link.1016-cvtres.write.1.tlog
C:\Users\connor.connor-PC\Desktop\Arctic Engine3\Arctic Engine\Debug\link.1016-rc.read.1.tlog
C:\Users\connor.connor-PC\Desktop\Arctic Engine3\Arctic Engine\Debug\link.1016-rc.write.1.tlog
C:\Users\connor.connor-PC\Desktop\Arctic Engine3\Arctic Engine\Debug\link.1016.read.1.tlog
C:\Users\connor.connor-PC\Desktop\Arctic Engine3\Arctic Engine\Debug\link.1016.read.2.tlog
C:\Users\connor.connor-PC\Desktop\Arctic Engine3\Arctic Engine\Debug\link.1016.write.1.tlog
C:\Users\connor.connor-PC\Desktop\Arctic Engine3\Arctic Engine\Debug\link.10824-cvtres.read.1.tlog
C:\Users\connor.connor-PC\Desktop\Arctic Engine3\Arctic Engine\Debug\link.10824-cvtres.write.1.tlog
C:\Users\connor.connor-PC\Desktop\Arctic Engine3\Arctic Engine\Debug\link.10824-rc.read.1.tlog
C:\Users\connor.connor-PC\Desktop\Arctic Engine3\Arctic Engine\Debug\link.10824-rc.write.1.tlog
C:\Users\connor.connor-PC\Desktop\Arctic Engine3\Arctic Engine\Debug\link.10824.read.1.tlog
C:\Users\connor.connor-PC\Desktop\Arctic Engine3\Arctic Engine\Debug\link.10824.read.2.tlog
C:\Users\connor.connor-PC\Desktop\Arctic Engine3\Arctic Engine\Debug\link.10824.write.1.tlog
C:\Users\connor.connor-PC\Desktop\Arctic Engine3\Arctic Engine\Debug\link.10844-cvtres.read.1.tlog
C:\Users\connor.connor-PC\Desktop\Arctic Engine3\Arctic Engine\Debug\link.10844-cvtres.write.1.tlog
C:\Users\connor.connor-PC\Desktop\Arctic Engine3\Arctic Engine\Debug\link.10844-rc.read.1.tlog
C:\Users\connor.connor-PC\Desktop\Arctic Engine3\Arctic Engine\Debug\link.10844-rc.write.1.tlog
C:\Users\connor.connor-PC\Desktop\Arctic Engine3\Arctic Engine\Debug\link.10844.read.1.tlog
C:\Users\connor.connor-PC\Desktop\Arctic Engine3\Arctic Engine\Debug\link.10844.read.2.tlog
C:\Users\connor.connor-PC\Desktop\Arctic Engine3\Arctic Engine\Debug\link.10844.write.1.tlog
C:\Users\connor.connor-PC\Desktop\Arctic Engine3\Arctic Engine\Debug\link.11036-cvtres.read.1.tlog
C:\Users\connor.connor-PC\Desktop\Arctic Engine3\Arctic Engine\Debug\link.11036-cvtres.write.1.tlog
C:\Users\connor.connor-PC\Desktop\Arctic Engine3\Arctic Engine\Debug\link.11036-rc.read.1.tlog
C:\Users\connor.connor-PC\Desktop\Arctic Engine3\Arctic Engine\Debug\link.11036-rc.write.1.tlog
C:\Users\connor.connor-PC\Desktop\Arctic Engine3\Arctic Engine\Debug\link.11036.read.1.tlog
C:\Users\connor.connor-PC\Desktop\Arctic Engine3\Arctic Engine\Debug\link.11036.read.2.tlog
C:\Users\connor.connor-PC\Desktop\Arctic Engine3\Arctic Engine\Debug\link.11036.write.1.tlog
C:\Users\connor.connor-PC\Desktop\Arctic Engine3\Arctic Engine\Debug\link.11076-cvtres.read.1.tlog
C:\Users\connor.connor-PC\Desktop\Arctic Engine3\Arctic Engine\Debug\link.11076-cvtres.write.1.tlog
C:\Users\connor.connor-PC\Desktop\Arctic Engine3\Arctic Engine\Debug\link.11076-rc.read.1.tlog
C:\Users\connor.connor-PC\Desktop\Arctic Engine3\Arctic Engine\Debug\link.11076-rc.write.1.tlog
C:\Users\connor.connor-PC\Desktop\Arctic Engine3\Arctic Engine\Debug\link.11076.read.1.tlog
C:\Users\connor.connor-PC\Desktop\Arctic Engine3\Arctic Engine\Debug\link.11076.read.2.tlog
C:\Users\connor.connor-PC\Desktop\Arctic Engine3\Arctic Engine\Debug\link.11076.write.1.tlog
C:\Users\connor.connor-PC\Desktop\Arctic Engine3\Arctic Engine\Debug\link.1120-cvtres.read.1.tlog
C:\Users\connor.connor-PC\Desktop\Arctic Engine3\Arctic Engine\Debug\link.1120-cvtres.write.1.tlog
C:\Users\connor.connor-PC\Desktop\Arctic Engine3\Arctic Engine\Debug\link.1120-rc.read.1.tlog
C:\Users\connor.connor-PC\Desktop\Arctic Engine3\Arctic Engine\Debug\link.1120-rc.write.1.tlog
C:\Users\connor.connor-PC\Desktop\Arctic Engine3\Arctic Engine\Debug\link.1120.read.1.tlog
C:\Users\connor.connor-PC\Desktop\Arctic Engine3\Arctic Engine\Debug\link.1120.read.2.tlog
C:\Users\connor.connor-PC\Desktop\Arctic Engine3\Arctic Engine\Debug\link.1120.write.1.tlog
C:\Users\connor.connor-PC\Desktop\Arctic Engine3\Arctic Engine\Debug\link.11596-cvtres.read.1.tlog
C:\Users\connor.connor-PC\Desktop\Arctic Engine3\Arctic Engine\Debug\link.11596-cvtres.write.1.tlog
C:\Users\connor.connor-PC\Desktop\Arctic Engine3\Arctic Engine\Debug\link.11596-rc.read.1.tlog
C:\Users\connor.connor-PC\Desktop\Arctic Engine3\Arctic Engine\Debug\link.11596-rc.write.1.tlog
C:\Users\connor.connor-PC\Desktop\Arctic Engine3\Arctic Engine\Debug\link.11596.read.1.tlog
C:\Users\connor.connor-PC\Desktop\Arctic Engine3\Arctic Engine\Debug\link.11596.read.2.tlog
C:\Users\connor.connor-PC\Desktop\Arctic Engine3\Arctic Engine\Debug\link.11596.write.1.tlog
C:\Users\connor.connor-PC\Desktop\Arctic Engine3\Arctic Engine\Debug\link.12196-cvtres.read.1.tlog
C:\Users\connor.connor-PC\Desktop\Arctic Engine3\Arctic Engine\Debug\link.12196-cvtres.write.1.tlog
C:\Users\connor.connor-PC\Desktop\Arctic Engine3\Arctic Engine\Debug\link.12196-rc.read.1.tlog
C:\Users\connor.connor-PC\Desktop\Arctic Engine3\Arctic Engine\Debug\link.12196-rc.write.1.tlog
C:\Users\connor.connor-PC\Desktop\Arctic Engine3\Arctic Engine\Debug\link.12196.read.1.tlog
C:\Users\connor.connor-PC\Desktop\Arctic Engine3\Arctic Engine\Debug\link.12196.read.2.tlog
C:\Users\connor.connor-PC\Desktop\Arctic Engine3\Arctic Engine\Debug\link.12196.write.1.tlog
C:\Users\connor.connor-PC\Desktop\Arctic Engine3\Arctic Engine\Debug\link.13236-cvtres.read.1.tlog
C:\Users\connor.connor-PC\Desktop\Arctic Engine3\Arctic Engine\Debug\link.13236-cvtres.write.1.tlog
C:\Users\connor.connor-PC\Desktop\Arctic Engine3\Arctic Engine\Debug\link.13236-rc.read.1.tlog
C:\Users\connor.connor-PC\Desktop\Arctic Engine3\Arctic Engine\Debug\link.13236-rc.write.1.tlog
C:\Users\connor.connor-PC\Desktop\Arctic Engine3\Arctic Engine\Debug\link.13236.read.1.tlog
C:\Users\connor.connor-PC\Desktop\Arctic Engine3\Arctic Engine\Debug\link.13236.read.2.tlog
C:\Users\connor.connor-PC\Desktop\Arctic Engine3\Arctic Engine\Debug\link.13236.write.1.tlog
C:\Users\connor.connor-PC\Desktop\Arctic Engine3\Arctic Engine\Debug\link.13560-cvtres.read.1.tlog
C:\Users\connor.connor-PC\Desktop\Arctic Engine3\Arctic Engine\Debug\link.13560-cvtres.write.1.tlog
C:\Users\connor.connor-PC\Desktop\Arctic Engine3\Arctic Engine\Debug\link.13560-rc.read.1.tlog
C:\Users\connor.connor-PC\Desktop\Arctic Engine3\Arctic Engine\Debug\link.13560-rc.write.1.tlog
C:\Users\connor.connor-PC\Desktop\Arctic Engine3\Arctic Engine\Debug\link.13560.read.1.tlog
C:\Users\connor.connor-PC\Desktop\Arctic Engine3\Arctic Engine\Debug\link.13560.read.2.tlog
C:\Users\connor.connor-PC\Desktop\Arctic Engine3\Arctic Engine\Debug\link.13560.write.1.tlog
C:\Users\connor.connor-PC\Desktop\Arctic Engine3\Arctic Engine\Debug\link.14696-cvtres.read.1.tlog
C:\Users\connor.connor-PC\Desktop\Arctic Engine3\Arctic Engine\Debug\link.14696-cvtres.write.1.tlog
C:\Users\connor.connor-PC\Desktop\Arctic Engine3\Arctic Engine\Debug\link.14696-rc.read.1.tlog
C:\Users\connor.connor-PC\Desktop\Arctic Engine3\Arctic Engine\Debug\link.14696-rc.write.1.tlog
C:\Users\connor.connor-PC\Desktop\Arctic Engine3\Arctic Engine\Debug\link.14696.read.1.tlog
C:\Users\connor.connor-PC\Desktop\Arctic Engine3\Arctic Engine\Debug\link.14696.read.2.tlog
C:\Users\connor.connor-PC\Desktop\Arctic Engine3\Arctic Engine\Debug\link.14696.write.1.tlog
C:\Users\connor.connor-PC\Desktop\Arctic Engine3\Arctic Engine\Debug\link.15836-cvtres.read.1.tlog
C:\Users\connor.connor-PC\Desktop\Arctic Engine3\Arctic Engine\Debug\link.15836-cvtres.write.1.tlog
C:\Users\connor.connor-PC\Desktop\Arctic Engine3\Arctic Engine\Debug\link.15836-rc.read.1.tlog
C:\Users\connor.connor-PC\Desktop\Arctic Engine3\Arctic Engine\Debug\link.15836-rc.write.1.tlog
C:\Users\connor.connor-PC\Desktop\Arctic Engine3\Arctic Engine\Debug\link.15836.read.1.tlog
C:\Users\connor.connor-PC\Desktop\Arctic Engine3\Arctic Engine\Debug\link.15836.read.2.tlog
C:\Users\connor.connor-PC\Desktop\Arctic Engine3\Arctic Engine\Debug\link.15836.write.1.tlog
C:\Users\connor.connor-PC\Desktop\Arctic Engine3\Arctic Engine\Debug\link.16340-cvtres.read.1.tlog
C:\Users\connor.connor-PC\Desktop\Arctic Engine3\Arctic Engine\Debug\link.16340-cvtres.write.1.tlog
C:\Users\connor.connor-PC\Desktop\Arctic Engine3\Arctic Engine\Debug\link.16340-rc.read.1.tlog
C:\Users\connor.connor-PC\Desktop\Arctic Engine3\Arctic Engine\Debug\link.16340-rc.write.1.tlog
C:\Users\connor.connor-PC\Desktop\Arctic Engine3\Arctic Engine\Debug\link.16340.read.1.tlog
C:\Users\connor.connor-PC\Desktop\Arctic Engine3\Arctic Engine\Debug\link.16340.write.1.tlog
C:\Users\connor.connor-PC\Desktop\Arctic Engine3\Arctic Engine\Debug\link.17456-cvtres.read.1.tlog
C:\Users\connor.connor-PC\Desktop\Arctic Engine3\Arctic Engine\Debug\link.17456-cvtres.write.1.tlog
C:\Users\connor.connor-PC\Desktop\Arctic Engine3\Arctic Engine\Debug\link.17456-rc.read.1.tlog
C:\Users\connor.connor-PC\Desktop\Arctic Engine3\Arctic Engine\Debug\link.17456-rc.write.1.tlog
C:\Users\connor.connor-PC\Desktop\Arctic Engine3\Arctic Engine\Debug\link.17456.read.1.tlog
C:\Users\connor.connor-PC\Desktop\Arctic Engine3\Arctic Engine\Debug\link.17456.read.2.tlog
C:\Users\connor.connor-PC\Desktop\Arctic Engine3\Arctic Engine\Debug\link.17456.write.1.tlog
C:\Users\connor.connor-PC\Desktop\Arctic Engine3\Arctic Engine\Debug\link.17564-cvtres.read.1.tlog
C:\Users\connor.connor-PC\Desktop\Arctic Engine3\Arctic Engine\Debug\link.17564-cvtres.write.1.tlog
C:\Users\connor.connor-PC\Desktop\Arctic Engine3\Arctic Engine\Debug\link.17564-rc.read.1.tlog
C:\Users\connor.connor-PC\Desktop\Arctic Engine3\Arctic Engine\Debug\link.17564-rc.write.1.tlog
C:\Users\connor.connor-PC\Desktop\Arctic Engine3\Arctic Engine\Debug\link.17564.read.1.tlog
C:\Users\connor.connor-PC\Desktop\Arctic Engine3\Arctic Engine\Debug\link.17564.read.2.tlog
C:\Users\connor.connor-PC\Desktop\Arctic Engine3\Arctic Engine\Debug\link.17564.write.1.tlog
C:\Users\connor.connor-PC\Desktop\Arctic Engine3\Arctic Engine\Debug\link.1796-cvtres.read.1.tlog
C:\Users\connor.connor-PC\Desktop\Arctic Engine3\Arctic Engine\Debug\link.1796-cvtres.write.1.tlog
C:\Users\connor.connor-PC\Desktop\Arctic Engine3\Arctic Engine\Debug\link.1796-rc.read.1.tlog
C:\Users\connor.connor-PC\Desktop\Arctic Engine3\Arctic Engine\Debug\link.1796-rc.write.1.tlog
C:\Users\connor.connor-PC\Desktop\Arctic Engine3\Arctic Engine\Debug\link.1796.read.1.tlog
C:\Users\connor.connor-PC\Desktop\Arctic Engine3\Arctic Engine\Debug\link.1796.read.2.tlog
C:\Users\connor.connor-PC\Desktop\Arctic Engine3\Arctic Engine\Debug\link.1796.write.1.tlog
C:\Users\connor.connor-PC\Desktop\Arctic Engine3\Arctic Engine\Debug\link.17996-cvtres.read.1.tlog
C:\Users\connor.connor-PC\Desktop\Arctic Engine3\Arctic Engine\Debug\link.17996-cvtres.write.1.tlog
C:\Users\connor.connor-PC\Desktop\Arctic Engine3\Arctic Engine\Debug\link.17996-rc.read.1.tlog
C:\Users\connor.connor-PC\Desktop\Arctic Engine3\Arctic Engine\Debug\link.17996-rc.write.1.tlog
C:\Users\connor.connor-PC\Desktop\Arctic Engine3\Arctic Engine\Debug\link.17996.read.1.tlog
C:\Users\connor.connor-PC\Desktop\Arctic Engine3\Arctic Engine\Debug\link.17996.read.2.tlog
C:\Users\connor.connor-PC\Desktop\Arctic Engine3\Arctic Engine\Debug\link.17996.write.1.tlog
C:\Users\connor.connor-PC\Desktop\Arctic Engine3\Arctic Engine\Debug\link.1804-cvtres.read.1.tlog
C:\Users\connor.connor-PC\Desktop\Arctic Engine3\Arctic Engine\Debug\link.1804-cvtres.write.1.tlog
C:\Users\connor.connor-PC\Desktop\Arctic Engine3\Arctic Engine\Debug\link.1804-rc.read.1.tlog
C:\Users\connor.connor-PC\Desktop\Arctic Engine3\Arctic Engine\Debug\link.1804-rc.write.1.tlog
C:\Users\connor.connor-PC\Desktop\Arctic Engine3\Arctic Engine\Debug\link.1804.read.1.tlog
C:\Users\connor.connor-PC\Desktop\Arctic Engine3\Arctic Engine\Debug\link.1804.read.2.tlog
C:\Users\connor.connor-PC\Desktop\Arctic Engine3\Arctic Engine\Debug\link.1804.write.1.tlog
C:\Users\connor.connor-PC\Desktop\Arctic Engine3\Arctic Engine\Debug\link.18908-cvtres.read.1.tlog
C:\Users\connor.connor-PC\Desktop\Arctic Engine3\Arctic Engine\Debug\link.18908-cvtres.write.1.tlog
C:\Users\connor.connor-PC\Desktop\Arctic Engine3\Arctic Engine\Debug\link.18908-rc.read.1.tlog
C:\Users\connor.connor-PC\Desktop\Arctic Engine3\Arctic Engine\Debug\link.18908-rc.write.1.tlog
C:\Users\connor.connor-PC\Desktop\Arctic Engine3\Arctic Engine\Debug\link.18908.read.1.tlog
C:\Users\connor.connor-PC\Desktop\Arctic Engine3\Arctic Engine\Debug\link.18908.read.2.tlog
C:\Users\connor.connor-PC\Desktop\Arctic Engine3\Arctic Engine\Debug\link.18908.write.1.tlog
C:\Users\connor.connor-PC\Desktop\Arctic Engine3\Arctic Engine\Debug\link.19224-cvtres.read.1.tlog
C:\Users\connor.connor-PC\Desktop\Arctic Engine3\Arctic Engine\Debug\link.19224-cvtres.write.1.tlog
C:\Users\connor.connor-PC\Desktop\Arctic Engine3\Arctic Engine\Debug\link.19224-rc.read.1.tlog
C:\Users\connor.connor-PC\Desktop\Arctic Engine3\Arctic Engine\Debug\link.19224-rc.write.1.tlog
C:\Users\connor.connor-PC\Desktop\Arctic Engine3\Arctic Engine\Debug\link.19224.read.1.tlog
C:\Users\connor.connor-PC\Desktop\Arctic Engine3\Arctic Engine\Debug\link.19224.read.2.tlog
C:\Users\connor.connor-PC\Desktop\Arctic Engine3\Arctic Engine\Debug\link.19224.write.1.tlog
C:\Users\connor.connor-PC\Desktop\Arctic Engine3\Arctic Engine\Debug\link.2044-cvtres.read.1.tlog
C:\Users\connor.connor-PC\Desktop\Arctic Engine3\Arctic Engine\Debug\link.2044-cvtres.write.1.tlog
C:\Users\connor.connor-PC\Desktop\Arctic Engine3\Arctic Engine\Debug\link.2044-rc.read.1.tlog
C:\Users\connor.connor-PC\Desktop\Arctic Engine3\Arctic Engine\Debug\link.2044-rc.write.1.tlog
C:\Users\connor.connor-PC\Desktop\Arctic Engine3\Arctic Engine\Debug\link.2044.read.1.tlog
C:\Users\connor.connor-PC\Desktop\Arctic Engine3\Arctic Engine\Debug\link.2044.write.1.tlog
C:\Users\connor.connor-PC\Desktop\Arctic Engine3\Arctic Engine\Debug\link.21284-cvtres.read.1.tlog
C:\Users\connor.connor-PC\Desktop\Arctic Engine3\Arctic Engine\Debug\link.21284-cvtres.write.1.tlog
C:\Users\connor.connor-PC\Desktop\Arctic Engine3\Arctic Engine\Debug\link.21284-rc.read.1.tlog
C:\Users\connor.connor-PC\Desktop\Arctic Engine3\Arctic Engine\Debug\link.21284-rc.write.1.tlog
C:\Users\connor.connor-PC\Desktop\Arctic Engine3\Arctic Engine\Debug\link.21284.read.1.tlog
C:\Users\connor.connor-PC\Desktop\Arctic Engine3\Arctic Engine\Debug\link.21284.read.2.tlog
C:\Users\connor.connor-PC\Desktop\Arctic Engine3\Arctic Engine\Debug\link.21284.write.1.tlog
C:\Users\connor.connor-PC\Desktop\Arctic Engine3\Arctic Engine\Debug\link.2168-cvtres.read.1.tlog
C:\Users\connor.connor-PC\Desktop\Arctic Engine3\Arctic Engine\Debug\link.2168-cvtres.write.1.tlog
C:\Users\connor.connor-PC\Desktop\Arctic Engine3\Arctic Engine\Debug\link.2168-rc.read.1.tlog
C:\Users\connor.connor-PC\Desktop\Arctic Engine3\Arctic Engine\Debug\link.2168-rc.write.1.tlog
C:\Users\connor.connor-PC\Desktop\Arctic Engine3\Arctic Engine\Debug\link.2168.read.1.tlog
C:\Users\connor.connor-PC\Desktop\Arctic Engine3\Arctic Engine\Debug\link.2168.read.2.tlog
C:\Users\connor.connor-PC\Desktop\Arctic Engine3\Arctic Engine\Debug\link.2168.write.1.tlog
C:\Users\connor.connor-PC\Desktop\Arctic Engine3\Arctic Engine\Debug\link.21808-cvtres.read.1.tlog
C:\Users\connor.connor-PC\Desktop\Arctic Engine3\Arctic Engine\Debug\link.21808-cvtres.write.1.tlog
C:\Users\connor.connor-PC\Desktop\Arctic Engine3\Arctic Engine\Debug\link.21808-rc.read.1.tlog
C:\Users\connor.connor-PC\Desktop\Arctic Engine3\Arctic Engine\Debug\link.21808-rc.write.1.tlog
C:\Users\connor.connor-PC\Desktop\Arctic Engine3\Arctic Engine\Debug\link.21808.read.1.tlog
C:\Users\connor.connor-PC\Desktop\Arctic Engine3\Arctic Engine\Debug\link.21808.read.2.tlog
C:\Users\connor.connor-PC\Desktop\Arctic Engine3\Arctic Engine\Debug\link.21808.write.1.tlog
C:\Users\connor.connor-PC\Desktop\Arctic Engine3\Arctic Engine\Debug\link.21832-cvtres.read.1.tlog
C:\Users\connor.connor-PC\Desktop\Arctic Engine3\Arctic Engine\Debug\link.21832-cvtres.write.1.tlog
C:\Users\connor.connor-PC\Desktop\Arctic Engine3\Arctic Engine\Debug\link.21832-rc.read.1.tlog
C:\Users\connor.connor-PC\Desktop\Arctic Engine3\Arctic Engine\Debug\link.21832-rc.write.1.tlog
C:\Users\connor.connor-PC\Desktop\Arctic Engine3\Arctic Engine\Debug\link.21832.read.1.tlog
C:\Users\connor.connor-PC\Desktop\Arctic Engine3\Arctic Engine\Debug\link.21832.read.2.tlog
C:\Users\connor.connor-PC\Desktop\Arctic Engine3\Arctic Engine\Debug\link.21832.write.1.tlog
C:\Users\connor.connor-PC\Desktop\Arctic Engine3\Arctic Engine\Debug\link.21936-cvtres.read.1.tlog
C:\Users\connor.connor-PC\Desktop\Arctic Engine3\Arctic Engine\Debug\link.21936-cvtres.write.1.tlog
C:\Users\connor.connor-PC\Desktop\Arctic Engine3\Arctic Engine\Debug\link.21936-rc.read.1.tlog
C:\Users\connor.connor-PC\Desktop\Arctic Engine3\Arctic Engine\Debug\link.21936-rc.write.1.tlog
C:\Users\connor.connor-PC\Desktop\Arctic Engine3\Arctic Engine\Debug\link.21936.read.1.tlog
C:\Users\connor.connor-PC\Desktop\Arctic Engine3\Arctic Engine\Debug\link.21936.read.2.tlog
C:\Users\connor.connor-PC\Desktop\Arctic Engine3\Arctic Engine\Debug\link.21936.write.1.tlog
C:\Users\connor.connor-PC\Desktop\Arctic Engine3\Arctic Engine\Debug\link.2236-cvtres.read.1.tlog
C:\Users\connor.connor-PC\Desktop\Arctic Engine3\Arctic Engine\Debug\link.2236-cvtres.write.1.tlog
C:\Users\connor.connor-PC\Desktop\Arctic Engine3\Arctic Engine\Debug\link.2236-rc.read.1.tlog
C:\Users\connor.connor-PC\Desktop\Arctic Engine3\Arctic Engine\Debug\link.2236-rc.write.1.tlog
C:\Users\connor.connor-PC\Desktop\Arctic Engine3\Arctic Engine\Debug\link.2236.read.1.tlog
C:\Users\connor.connor-PC\Desktop\Arctic Engine3\Arctic Engine\Debug\link.2236.read.2.tlog
C:\Users\connor.connor-PC\Desktop\Arctic Engine3\Arctic Engine\Debug\link.2236.write.1.tlog
C:\Users\connor.connor-PC\Desktop\Arctic Engine3\Arctic Engine\Debug\link.22484-cvtres.read.1.tlog
C:\Users\connor.connor-PC\Desktop\Arctic Engine3\Arctic Engine\Debug\link.22484-cvtres.write.1.tlog
C:\Users\connor.connor-PC\Desktop\Arctic Engine3\Arctic Engine\Debug\link.22484-rc.read.1.tlog
C:\Users\connor.connor-PC\Desktop\Arctic Engine3\Arctic Engine\Debug\link.22484-rc.write.1.tlog
C:\Users\connor.connor-PC\Desktop\Arctic Engine3\Arctic Engine\Debug\link.22484.read.1.tlog
C:\Users\connor.connor-PC\Desktop\Arctic Engine3\Arctic Engine\Debug\link.22484.read.2.tlog
C:\Users\connor.connor-PC\Desktop\Arctic Engine3\Arctic Engine\Debug\link.22484.write.1.tlog
C:\Users\connor.connor-PC\Desktop\Arctic Engine3\Arctic Engine\Debug\link.23472-cvtres.read.1.tlog
C:\Users\connor.connor-PC\Desktop\Arctic Engine3\Arctic Engine\Debug\link.23472-cvtres.write.1.tlog
C:\Users\connor.connor-PC\Desktop\Arctic Engine3\Arctic Engine\Debug\link.23472-rc.read.1.tlog
C:\Users\connor.connor-PC\Desktop\Arctic Engine3\Arctic Engine\Debug\link.23472-rc.write.1.tlog
C:\Users\connor.connor-PC\Desktop\Arctic Engine3\Arctic Engine\Debug\link.23472.read.1.tlog
C:\Users\connor.connor-PC\Desktop\Arctic Engine3\Arctic Engine\Debug\link.23472.read.2.tlog
C:\Users\connor.connor-PC\Desktop\Arctic Engine3\Arctic Engine\Debug\link.23472.write.1.tlog
C:\Users\connor.connor-PC\Desktop\Arctic Engine3\Arctic Engine\Debug\link.27624-cvtres.read.1.tlog
C:\Users\connor.connor-PC\Desktop\Arctic Engine3\Arctic Engine\Debug\link.27624-cvtres.write.1.tlog
C:\Users\connor.connor-PC\Desktop\Arctic Engine3\Arctic Engine\Debug\link.27624-rc.read.1.tlog
C:\Users\connor.connor-PC\Desktop\Arctic Engine3\Arctic Engine\Debug\link.27624-rc.write.1.tlog
C:\Users\connor.connor-PC\Desktop\Arctic Engine3\Arctic Engine\Debug\link.27624.read.1.tlog
C:\Users\connor.connor-PC\Desktop\Arctic Engine3\Arctic Engine\Debug\link.27624.read.2.tlog
C:\Users\connor.connor-PC\Desktop\Arctic Engine3\Arctic Engine\Debug\link.27624.write.1.tlog
C:\Users\connor.connor-PC\Desktop\Arctic Engine3\Arctic Engine\Debug\link.2980-cvtres.read.1.tlog
C:\Users\connor.connor-PC\Desktop\Arctic Engine3\Arctic Engine\Debug\link.2980-cvtres.write.1.tlog
C:\Users\connor.connor-PC\Desktop\Arctic Engine3\Arctic Engine\Debug\link.2980-rc.read.1.tlog
C:\Users\connor.connor-PC\Desktop\Arctic Engine3\Arctic Engine\Debug\link.2980-rc.write.1.tlog
C:\Users\connor.connor-PC\Desktop\Arctic Engine3\Arctic Engine\Debug\link.2980.read.1.tlog
C:\Users\connor.connor-PC\Desktop\Arctic Engine3\Arctic Engine\Debug\link.2980.read.2.tlog
C:\Users\connor.connor-PC\Desktop\Arctic Engine3\Arctic Engine\Debug\link.2980.write.1.tlog
C:\Users\connor.connor-PC\Desktop\Arctic Engine3\Arctic Engine\Debug\link.3684-cvtres.read.1.tlog
C:\Users\connor.connor-PC\Desktop\Arctic Engine3\Arctic Engine\Debug\link.3684-cvtres.write.1.tlog
C:\Users\connor.connor-PC\Desktop\Arctic Engine3\Arctic Engine\Debug\link.3684-rc.read.1.tlog
C:\Users\connor.connor-PC\Desktop\Arctic Engine3\Arctic Engine\Debug\link.3684-rc.write.1.tlog
C:\Users\connor.connor-PC\Desktop\Arctic Engine3\Arctic Engine\Debug\link.3684.read.1.tlog
C:\Users\connor.connor-PC\Desktop\Arctic Engine3\Arctic Engine\Debug\link.3684.read.2.tlog
C:\Users\connor.connor-PC\Desktop\Arctic Engine3\Arctic Engine\Debug\link.3684.write.1.tlog
C:\Users\connor.connor-PC\Desktop\Arctic Engine3\Arctic Engine\Debug\link.3872-cvtres.read.1.tlog
C:\Users\connor.connor-PC\Desktop\Arctic Engine3\Arctic Engine\Debug\link.3872-cvtres.write.1.tlog
C:\Users\connor.connor-PC\Desktop\Arctic Engine3\Arctic Engine\Debug\link.3872-rc.read.1.tlog
C:\Users\connor.connor-PC\Desktop\Arctic Engine3\Arctic Engine\Debug\link.3872-rc.write.1.tlog
C:\Users\connor.connor-PC\Desktop\Arctic Engine3\Arctic Engine\Debug\link.3872.read.1.tlog
C:\Users\connor.connor-PC\Desktop\Arctic Engine3\Arctic Engine\Debug\link.3872.read.2.tlog
C:\Users\connor.connor-PC\Desktop\Arctic Engine3\Arctic Engine\Debug\link.3872.write.1.tlog
C:\Users\connor.connor-PC\Desktop\Arctic Engine3\Arctic Engine\Debug\link.4076-cvtres.read.1.tlog
C:\Users\connor.connor-PC\Desktop\Arctic Engine3\Arctic Engine\Debug\link.4076-cvtres.write.1.tlog
C:\Users\connor.connor-PC\Desktop\Arctic Engine3\Arctic Engine\Debug\link.4076-rc.read.1.tlog
C:\Users\connor.connor-PC\Desktop\Arctic Engine3\Arctic Engine\Debug\link.4076-rc.write.1.tlog
C:\Users\connor.connor-PC\Desktop\Arctic Engine3\Arctic Engine\Debug\link.4076.read.1.tlog
C:\Users\connor.connor-PC\Desktop\Arctic Engine3\Arctic Engine\Debug\link.4076.read.2.tlog
C:\Users\connor.connor-PC\Desktop\Arctic Engine3\Arctic Engine\Debug\link.4076.write.1.tlog
C:\Users\connor.connor-PC\Desktop\Arctic Engine3\Arctic Engine\Debug\link.4172-cvtres.read.1.tlog
C:\Users\connor.connor-PC\Desktop\Arctic Engine3\Arctic Engine\Debug\link.4172-cvtres.write.1.tlog
C:\Users\connor.connor-PC\Desktop\Arctic Engine3\Arctic Engine\Debug\link.4172-rc.read.1.tlog
C:\Users\connor.connor-PC\Desktop\Arctic Engine3\Arctic Engine\Debug\link.4172-rc.write.1.tlog
C:\Users\connor.connor-PC\Desktop\Arctic Engine3\Arctic Engine\Debug\link.4172.read.1.tlog
C:\Users\connor.connor-PC\Desktop\Arctic Engine3\Arctic Engine\Debug\link.4172.read.2.tlog
C:\Users\connor.connor-PC\Desktop\Arctic Engine3\Arctic Engine\Debug\link.4172.write.1.tlog
C:\Users\connor.connor-PC\Desktop\Arctic Engine3\Arctic Engine\Debug\link.4184-cvtres.read.1.tlog
C:\Users\connor.connor-PC\Desktop\Arctic Engine3\Arctic Engine\Debug\link.4184-cvtres.write.1.tlog
C:\Users\connor.connor-PC\Desktop\Arctic Engine3\Arctic Engine\Debug\link.4184-rc.read.1.tlog
C:\Users\connor.connor-PC\Desktop\Arctic Engine3\Arctic Engine\Debug\link.4184-rc.write.1.tlog
C:\Users\connor.connor-PC\Desktop\Arctic Engine3\Arctic Engine\Debug\link.4184.read.1.tlog
C:\Users\connor.connor-PC\Desktop\Arctic Engine3\Arctic Engine\Debug\link.4184.read.2.tlog
C:\Users\connor.connor-PC\Desktop\Arctic Engine3\Arctic Engine\Debug\link.4184.write.1.tlog
C:\Users\connor.connor-PC\Desktop\Arctic Engine3\Arctic Engine\Debug\link.4448-cvtres.read.1.tlog
C:\Users\connor.connor-PC\Desktop\Arctic Engine3\Arctic Engine\Debug\link.4448-cvtres.write.1.tlog
C:\Users\connor.connor-PC\Desktop\Arctic Engine3\Arctic Engine\Debug\link.4448-rc.read.1.tlog
C:\Users\connor.connor-PC\Desktop\Arctic Engine3\Arctic Engine\Debug\link.4448-rc.write.1.tlog
C:\Users\connor.connor-PC\Desktop\Arctic Engine3\Arctic Engine\Debug\link.4448.read.1.tlog
C:\Users\connor.connor-PC\Desktop\Arctic Engine3\Arctic Engine\Debug\link.4448.read.2.tlog
C:\Users\connor.connor-PC\Desktop\Arctic Engine3\Arctic Engine\Debug\link.4448.write.1.tlog
C:\Users\connor.connor-PC\Desktop\Arctic Engine3\Arctic Engine\Debug\link.4516-cvtres.read.1.tlog
C:\Users\connor.connor-PC\Desktop\Arctic Engine3\Arctic Engine\Debug\link.4516-cvtres.write.1.tlog
C:\Users\connor.connor-PC\Desktop\Arctic Engine3\Arctic Engine\Debug\link.4516-rc.read.1.tlog
C:\Users\connor.connor-PC\Desktop\Arctic Engine3\Arctic Engine\Debug\link.4516-rc.write.1.tlog
C:\Users\connor.connor-PC\Desktop\Arctic Engine3\Arctic Engine\Debug\link.4516.read.1.tlog
C:\Users\connor.connor-PC\Desktop\Arctic Engine3\Arctic Engine\Debug\link.4516.read.2.tlog
C:\Users\connor.connor-PC\Desktop\Arctic Engine3\Arctic Engine\Debug\link.4516.write.1.tlog
C:\Users\connor.connor-PC\Desktop\Arctic Engine3\Arctic Engine\Debug\link.4520-cvtres.read.1.tlog
C:\Users\connor.connor-PC\Desktop\Arctic Engine3\Arctic Engine\Debug\link.4520-cvtres.write.1.tlog
C:\Users\connor.connor-PC\Desktop\Arctic Engine3\Arctic Engine\Debug\link.4520-rc.read.1.tlog
C:\Users\connor.connor-PC\Desktop\Arctic Engine3\Arctic Engine\Debug\link.4520-rc.write.1.tlog
C:\Users\connor.connor-PC\Desktop\Arctic Engine3\Arctic Engine\Debug\link.4520.read.1.tlog
C:\Users\connor.connor-PC\Desktop\Arctic Engine3\Arctic Engine\Debug\link.4520.write.1.tlog
C:\Users\connor.connor-PC\Desktop\Arctic Engine3\Arctic Engine\Debug\link.4684-cvtres.read.1.tlog
C:\Users\connor.connor-PC\Desktop\Arctic Engine3\Arctic Engine\Debug\link.4684-cvtres.write.1.tlog
C:\Users\connor.connor-PC\Desktop\Arctic Engine3\Arctic Engine\Debug\link.4684-rc.read.1.tlog
C:\Users\connor.connor-PC\Desktop\Arctic Engine3\Arctic Engine\Debug\link.4684-rc.write.1.tlog
C:\Users\connor.connor-PC\Desktop\Arctic Engine3\Arctic Engine\Debug\link.4684.read.1.tlog
C:\Users\connor.connor-PC\Desktop\Arctic Engine3\Arctic Engine\Debug\link.4684.read.2.tlog
C:\Users\connor.connor-PC\Desktop\Arctic Engine3\Arctic Engine\Debug\link.4684.write.1.tlog
C:\Users\connor.connor-PC\Desktop\Arctic Engine3\Arctic Engine\Debug\link.4700-cvtres.read.1.tlog
C:\Users\connor.connor-PC\Desktop\Arctic Engine3\Arctic Engine\Debug\link.4700-cvtres.write.1.tlog
C:\Users\connor.connor-PC\Desktop\Arctic Engine3\Arctic Engine\Debug\link.4700-rc.read.1.tlog
C:\Users\connor.connor-PC\Desktop\Arctic Engine3\Arctic Engine\Debug\link.4700-rc.write.1.tlog
C:\Users\connor.connor-PC\Desktop\Arctic Engine3\Arctic Engine\Debug\link.4700.read.1.tlog
C:\Users\connor.connor-PC\Desktop\Arctic Engine3\Arctic Engine\Debug\link.4700.read.2.tlog
C:\Users\connor.connor-PC\Desktop\Arctic Engine3\Arctic Engine\Debug\link.4700.write.1.tlog
C:\Users\connor.connor-PC\Desktop\Arctic Engine3\Arctic Engine\Debug\link.4768-cvtres.read.1.tlog
C:\Users\connor.connor-PC\Desktop\Arctic Engine3\Arctic Engine\Debug\link.4768-cvtres.write.1.tlog
C:\Users\connor.connor-PC\Desktop\Arctic Engine3\Arctic Engine\Debug\link.4768-rc.read.1.tlog
C:\Users\connor.connor-PC\Desktop\Arctic Engine3\Arctic Engine\Debug\link.4768-rc.write.1.tlog
C:\Users\connor.connor-PC\Desktop\Arctic Engine3\Arctic Engine\Debug\link.4768.read.1.tlog
C:\Users\connor.connor-PC\Desktop\Arctic Engine3\Arctic Engine\Debug\link.4768.read.2.tlog
C:\Users\connor.connor-PC\Desktop\Arctic Engine3\Arctic Engine\Debug\link.4768.write.1.tlog
C:\Users\connor.connor-PC\Desktop\Arctic Engine3\Arctic Engine\Debug\link.4868-cvtres.read.1.tlog
C:\Users\connor.connor-PC\Desktop\Arctic Engine3\Arctic Engine\Debug\link.4868-cvtres.write.1.tlog
C:\Users\connor.connor-PC\Desktop\Arctic Engine3\Arctic Engine\Debug\link.4868-rc.read.1.tlog
C:\Users\connor.connor-PC\Desktop\Arctic Engine3\Arctic Engine\Debug\link.4868-rc.write.1.tlog
C:\Users\connor.connor-PC\Desktop\Arctic Engine3\Arctic Engine\Debug\link.4868.read.1.tlog
C:\Users\connor.connor-PC\Desktop\Arctic Engine3\Arctic Engine\Debug\link.4868.read.2.tlog
C:\Users\connor.connor-PC\Desktop\Arctic Engine3\Arctic Engine\Debug\link.4868.write.1.tlog
C:\Users\connor.connor-PC\Desktop\Arctic Engine3\Arctic Engine\Debug\link.5056-cvtres.read.1.tlog
C:\Users\connor.connor-PC\Desktop\Arctic Engine3\Arctic Engine\Debug\link.5056-cvtres.write.1.tlog
C:\Users\connor.connor-PC\Desktop\Arctic Engine3\Arctic Engine\Debug\link.5056-rc.read.1.tlog
C:\Users\connor.connor-PC\Desktop\Arctic Engine3\Arctic Engine\Debug\link.5056-rc.write.1.tlog
C:\Users\connor.connor-PC\Desktop\Arctic Engine3\Arctic Engine\Debug\link.5056.read.1.tlog
C:\Users\connor.connor-PC\Desktop\Arctic Engine3\Arctic Engine\Debug\link.5056.read.2.tlog
C:\Users\connor.connor-PC\Desktop\Arctic Engine3\Arctic Engine\Debug\link.5056.write.1.tlog
C:\Users\connor.connor-PC\Desktop\Arctic Engine3\Arctic Engine\Debug\link.5160-cvtres.read.1.tlog
C:\Users\connor.connor-PC\Desktop\Arctic Engine3\Arctic Engine\Debug\link.5160-cvtres.write.1.tlog
C:\Users\connor.connor-PC\Desktop\Arctic Engine3\Arctic Engine\Debug\link.5160-rc.read.1.tlog
C:\Users\connor.connor-PC\Desktop\Arctic Engine3\Arctic Engine\Debug\link.5160-rc.write.1.tlog
C:\Users\connor.connor-PC\Desktop\Arctic Engine3\Arctic Engine\Debug\link.5160.read.1.tlog
C:\Users\connor.connor-PC\Desktop\Arctic Engine3\Arctic Engine\Debug\link.5160.read.2.tlog
C:\Users\connor.connor-PC\Desktop\Arctic Engine3\Arctic Engine\Debug\link.5160.write.1.tlog
C:\Users\connor.connor-PC\Desktop\Arctic Engine3\Arctic Engine\Debug\link.5196-cvtres.read.1.tlog
C:\Users\connor.connor-PC\Desktop\Arctic Engine3\Arctic Engine\Debug\link.5196-cvtres.write.1.tlog
C:\Users\connor.connor-PC\Desktop\Arctic Engine3\Arctic Engine\Debug\link.5196-rc.read.1.tlog
C:\Users\connor.connor-PC\Desktop\Arctic Engine3\Arctic Engine\Debug\link.5196-rc.write.1.tlog
C:\Users\connor.connor-PC\Desktop\Arctic Engine3\Arctic Engine\Debug\link.5196.read.1.tlog
C:\Users\connor.connor-PC\Desktop\Arctic Engine3\Arctic Engine\Debug\link.5196.read.2.tlog
C:\Users\connor.connor-PC\Desktop\Arctic Engine3\Arctic Engine\Debug\link.5196.write.1.tlog
C:\Users\connor.connor-PC\Desktop\Arctic Engine3\Arctic Engine\Debug\link.5220-cvtres.read.1.tlog
C:\Users\connor.connor-PC\Desktop\Arctic Engine3\Arctic Engine\Debug\link.5220-cvtres.write.1.tlog
C:\Users\connor.connor-PC\Desktop\Arctic Engine3\Arctic Engine\Debug\link.5220-rc.read.1.tlog
C:\Users\connor.connor-PC\Desktop\Arctic Engine3\Arctic Engine\Debug\link.5220-rc.write.1.tlog
C:\Users\connor.connor-PC\Desktop\Arctic Engine3\Arctic Engine\Debug\link.5220.read.1.tlog
C:\Users\connor.connor-PC\Desktop\Arctic Engine3\Arctic Engine\Debug\link.5220.read.2.tlog
C:\Users\connor.connor-PC\Desktop\Arctic Engine3\Arctic Engine\Debug\link.5220.write.1.tlog
C:\Users\connor.connor-PC\Desktop\Arctic Engine3\Arctic Engine\Debug\link.5484-cvtres.read.1.tlog
C:\Users\connor.connor-PC\Desktop\Arctic Engine3\Arctic Engine\Debug\link.5484-cvtres.write.1.tlog
C:\Users\connor.connor-PC\Desktop\Arctic Engine3\Arctic Engine\Debug\link.5484-rc.read.1.tlog
C:\Users\connor.connor-PC\Desktop\Arctic Engine3\Arctic Engine\Debug\link.5484-rc.write.1.tlog
C:\Users\connor.connor-PC\Desktop\Arctic Engine3\Arctic Engine\Debug\link.5484.read.1.tlog
C:\Users\connor.connor-PC\Desktop\Arctic Engine3\Arctic Engine\Debug\link.5484.read.2.tlog
C:\Users\connor.connor-PC\Desktop\Arctic Engine3\Arctic Engine\Debug\link.5484.write.1.tlog
C:\Users\connor.connor-PC\Desktop\Arctic Engine3\Arctic Engine\Debug\link.5676-cvtres.read.1.tlog
C:\Users\connor.connor-PC\Desktop\Arctic Engine3\Arctic Engine\Debug\link.5676-cvtres.write.1.tlog
C:\Users\connor.connor-PC\Desktop\Arctic Engine3\Arctic Engine\Debug\link.5676-rc.read.1.tlog
C:\Users\connor.connor-PC\Desktop\Arctic Engine3\Arctic Engine\Debug\link.5676-rc.write.1.tlog
C:\Users\connor.connor-PC\Desktop\Arctic Engine3\Arctic Engine\Debug\link.5676.read.1.tlog
C:\Users\connor.connor-PC\Desktop\Arctic Engine3\Arctic Engine\Debug\link.5676.read.2.tlog
C:\Users\connor.connor-PC\Desktop\Arctic Engine3\Arctic Engine\Debug\link.5676.write.1.tlog
C:\Users\connor.connor-PC\Desktop\Arctic Engine3\Arctic Engine\Debug\link.5708-cvtres.read.1.tlog
C:\Users\connor.connor-PC\Desktop\Arctic Engine3\Arctic Engine\Debug\link.5708-cvtres.write.1.tlog
C:\Users\connor.connor-PC\Desktop\Arctic Engine3\Arctic Engine\Debug\link.5708-rc.read.1.tlog
C:\Users\connor.connor-PC\Desktop\Arctic Engine3\Arctic Engine\Debug\link.5708-rc.write.1.tlog
C:\Users\connor.connor-PC\Desktop\Arctic Engine3\Arctic Engine\Debug\link.5708.read.1.tlog
C:\Users\connor.connor-PC\Desktop\Arctic Engine3\Arctic Engine\Debug\link.5708.read.2.tlog
C:\Users\connor.connor-PC\Desktop\Arctic Engine3\Arctic Engine\Debug\link.5708.write.1.tlog
C:\Users\connor.connor-PC\Desktop\Arctic Engine3\Arctic Engine\Debug\link.5860-cvtres.read.1.tlog
C:\Users\connor.connor-PC\Desktop\Arctic Engine3\Arctic Engine\Debug\link.5860-cvtres.write.1.tlog
C:\Users\connor.connor-PC\Desktop\Arctic Engine3\Arctic Engine\Debug\link.5860-rc.read.1.tlog
C:\Users\connor.connor-PC\Desktop\Arctic Engine3\Arctic Engine\Debug\link.5860-rc.write.1.tlog
C:\Users\connor.connor-PC\Desktop\Arctic Engine3\Arctic Engine\Debug\link.5860.read.1.tlog
C:\Users\connor.connor-PC\Desktop\Arctic Engine3\Arctic Engine\Debug\link.5860.read.2.tlog
C:\Users\connor.connor-PC\Desktop\Arctic Engine3\Arctic Engine\Debug\link.5860.write.1.tlog
C:\Users\connor.connor-PC\Desktop\Arctic Engine3\Arctic Engine\Debug\link.5864-cvtres.read.1.tlog
C:\Users\connor.connor-PC\Desktop\Arctic Engine3\Arctic Engine\Debug\link.5864-cvtres.write.1.tlog
C:\Users\connor.connor-PC\Desktop\Arctic Engine3\Arctic Engine\Debug\link.5864-rc.read.1.tlog
C:\Users\connor.connor-PC\Desktop\Arctic Engine3\Arctic Engine\Debug\link.5864-rc.write.1.tlog
C:\Users\connor.connor-PC\Desktop\Arctic Engine3\Arctic Engine\Debug\link.5864.read.1.tlog
C:\Users\connor.connor-PC\Desktop\Arctic Engine3\Arctic Engine\Debug\link.5864.read.2.tlog
C:\Users\connor.connor-PC\Desktop\Arctic Engine3\Arctic Engine\Debug\link.5864.write.1.tlog
C:\Users\connor.connor-PC\Desktop\Arctic Engine3\Arctic Engine\Debug\link.5868-cvtres.read.1.tlog
C:\Users\connor.connor-PC\Desktop\Arctic Engine3\Arctic Engine\Debug\link.5868-cvtres.write.1.tlog
C:\Users\connor.connor-PC\Desktop\Arctic Engine3\Arctic Engine\Debug\link.5868-rc.read.1.tlog
C:\Users\connor.connor-PC\Desktop\Arctic Engine3\Arctic Engine\Debug\link.5868-rc.write.1.tlog
C:\Users\connor.connor-PC\Desktop\Arctic Engine3\Arctic Engine\Debug\link.5868.read.1.tlog
C:\Users\connor.connor-PC\Desktop\Arctic Engine3\Arctic Engine\Debug\link.5868.read.2.tlog
C:\Users\connor.connor-PC\Desktop\Arctic Engine3\Arctic Engine\Debug\link.5868.write.1.tlog
C:\Users\connor.connor-PC\Desktop\Arctic Engine3\Arctic Engine\Debug\link.5916-cvtres.read.1.tlog
C:\Users\connor.connor-PC\Desktop\Arctic Engine3\Arctic Engine\Debug\link.5916-cvtres.write.1.tlog
C:\Users\connor.connor-PC\Desktop\Arctic Engine3\Arctic Engine\Debug\link.5916-rc.read.1.tlog
C:\Users\connor.connor-PC\Desktop\Arctic Engine3\Arctic Engine\Debug\link.5916-rc.write.1.tlog
C:\Users\connor.connor-PC\Desktop\Arctic Engine3\Arctic Engine\Debug\link.5916.read.1.tlog
C:\Users\connor.connor-PC\Desktop\Arctic Engine3\Arctic Engine\Debug\link.5916.read.2.tlog
C:\Users\connor.connor-PC\Desktop\Arctic Engine3\Arctic Engine\Debug\link.5916.write.1.tlog
C:\Users\connor.connor-PC\Desktop\Arctic Engine3\Arctic Engine\Debug\link.5952-cvtres.read.1.tlog
C:\Users\connor.connor-PC\Desktop\Arctic Engine3\Arctic Engine\Debug\link.5952-cvtres.write.1.tlog
C:\Users\connor.connor-PC\Desktop\Arctic Engine3\Arctic Engine\Debug\link.5952-rc.read.1.tlog
C:\Users\connor.connor-PC\Desktop\Arctic Engine3\Arctic Engine\Debug\link.5952-rc.write.1.tlog
C:\Users\connor.connor-PC\Desktop\Arctic Engine3\Arctic Engine\Debug\link.5952.read.1.tlog
C:\Users\connor.connor-PC\Desktop\Arctic Engine3\Arctic Engine\Debug\link.5952.read.2.tlog
C:\Users\connor.connor-PC\Desktop\Arctic Engine3\Arctic Engine\Debug\link.5952.write.1.tlog
C:\Users\connor.connor-PC\Desktop\Arctic Engine3\Arctic Engine\Debug\link.5960-cvtres.read.1.tlog
C:\Users\connor.connor-PC\Desktop\Arctic Engine3\Arctic Engine\Debug\link.5960-cvtres.write.1.tlog
C:\Users\connor.connor-PC\Desktop\Arctic Engine3\Arctic Engine\Debug\link.5960-rc.read.1.tlog
C:\Users\connor.connor-PC\Desktop\Arctic Engine3\Arctic Engine\Debug\link.5960-rc.write.1.tlog
C:\Users\connor.connor-PC\Desktop\Arctic Engine3\Arctic Engine\Debug\link.5960.read.1.tlog
C:\Users\connor.connor-PC\Desktop\Arctic Engine3\Arctic Engine\Debug\link.5960.read.2.tlog
C:\Users\connor.connor-PC\Desktop\Arctic Engine3\Arctic Engine\Debug\link.5960.write.1.tlog
C:\Users\connor.connor-PC\Desktop\Arctic Engine3\Arctic Engine\Debug\link.6028-cvtres.read.1.tlog
C:\Users\connor.connor-PC\Desktop\Arctic Engine3\Arctic Engine\Debug\link.6028-cvtres.write.1.tlog
C:\Users\connor.connor-PC\Desktop\Arctic Engine3\Arctic Engine\Debug\link.6028-rc.read.1.tlog
C:\Users\connor.connor-PC\Desktop\Arctic Engine3\Arctic Engine\Debug\link.6028-rc.write.1.tlog
C:\Users\connor.connor-PC\Desktop\Arctic Engine3\Arctic Engine\Debug\link.6028.read.1.tlog
C:\Users\connor.connor-PC\Desktop\Arctic Engine3\Arctic Engine\Debug\link.6028.read.2.tlog
C:\Users\connor.connor-PC\Desktop\Arctic Engine3\Arctic Engine\Debug\link.6028.write.1.tlog
C:\Users\connor.connor-PC\Desktop\Arctic Engine3\Arctic Engine\Debug\link.6108-cvtres.read.1.tlog
C:\Users\connor.connor-PC\Desktop\Arctic Engine3\Arctic Engine\Debug\link.6108-cvtres.write.1.tlog
C:\Users\connor.connor-PC\Desktop\Arctic Engine3\Arctic Engine\Debug\link.6108-rc.read.1.tlog
C:\Users\connor.connor-PC\Desktop\Arctic Engine3\Arctic Engine\Debug\link.6108-rc.write.1.tlog
C:\Users\connor.connor-PC\Desktop\Arctic Engine3\Arctic Engine\Debug\link.6108.read.1.tlog
C:\Users\connor.connor-PC\Desktop\Arctic Engine3\Arctic Engine\Debug\link.6108.read.2.tlog
C:\Users\connor.connor-PC\Desktop\Arctic Engine3\Arctic Engine\Debug\link.6108.write.1.tlog
C:\Users\connor.connor-PC\Desktop\Arctic Engine3\Arctic Engine\Debug\link.6160-cvtres.read.1.tlog
C:\Users\connor.connor-PC\Desktop\Arctic Engine3\Arctic Engine\Debug\link.6160-cvtres.write.1.tlog
C:\Users\connor.connor-PC\Desktop\Arctic Engine3\Arctic Engine\Debug\link.6160-rc.read.1.tlog
C:\Users\connor.connor-PC\Desktop\Arctic Engine3\Arctic Engine\Debug\link.6160-rc.write.1.tlog
C:\Users\connor.connor-PC\Desktop\Arctic Engine3\Arctic Engine\Debug\link.6160.read.1.tlog
C:\Users\connor.connor-PC\Desktop\Arctic Engine3\Arctic Engine\Debug\link.6160.read.2.tlog
C:\Users\connor.connor-PC\Desktop\Arctic Engine3\Arctic Engine\Debug\link.6160.write.1.tlog
C:\Users\connor.connor-PC\Desktop\Arctic Engine3\Arctic Engine\Debug\link.6204-cvtres.read.1.tlog
C:\Users\connor.connor-PC\Desktop\Arctic Engine3\Arctic Engine\Debug\link.6204-cvtres.write.1.tlog
C:\Users\connor.connor-PC\Desktop\Arctic Engine3\Arctic Engine\Debug\link.6204-rc.read.1.tlog
C:\Users\connor.connor-PC\Desktop\Arctic Engine3\Arctic Engine\Debug\link.6204-rc.write.1.tlog
C:\Users\connor.connor-PC\Desktop\Arctic Engine3\Arctic Engine\Debug\link.6204.read.1.tlog
C:\Users\connor.connor-PC\Desktop\Arctic Engine3\Arctic Engine\Debug\link.6204.read.2.tlog
C:\Users\connor.connor-PC\Desktop\Arctic Engine3\Arctic Engine\Debug\link.6204.write.1.tlog
C:\Users\connor.connor-PC\Desktop\Arctic Engine3\Arctic Engine\Debug\link.6340-cvtres.read.1.tlog
C:\Users\connor.connor-PC\Desktop\Arctic Engine3\Arctic Engine\Debug\link.6340-cvtres.write.1.tlog
C:\Users\connor.connor-PC\Desktop\Arctic Engine3\Arctic Engine\Debug\link.6340-rc.read.1.tlog
C:\Users\connor.connor-PC\Desktop\Arctic Engine3\Arctic Engine\Debug\link.6340-rc.write.1.tlog
C:\Users\connor.connor-PC\Desktop\Arctic Engine3\Arctic Engine\Debug\link.6340.read.1.tlog
C:\Users\connor.connor-PC\Desktop\Arctic Engine3\Arctic Engine\Debug\link.6340.read.2.tlog
C:\Users\connor.connor-PC\Desktop\Arctic Engine3\Arctic Engine\Debug\link.6340.write.1.tlog
C:\Users\connor.connor-PC\Desktop\Arctic Engine3\Arctic Engine\Debug\link.6512-cvtres.read.1.tlog
C:\Users\connor.connor-PC\Desktop\Arctic Engine3\Arctic Engine\Debug\link.6512-cvtres.write.1.tlog
C:\Users\connor.connor-PC\Desktop\Arctic Engine3\Arctic Engine\Debug\link.6512-rc.read.1.tlog
C:\Users\connor.connor-PC\Desktop\Arctic Engine3\Arctic Engine\Debug\link.6512-rc.write.1.tlog
C:\Users\connor.connor-PC\Desktop\Arctic Engine3\Arctic Engine\Debug\link.6512.read.1.tlog
C:\Users\connor.connor-PC\Desktop\Arctic Engine3\Arctic Engine\Debug\link.6512.read.2.tlog
C:\Users\connor.connor-PC\Desktop\Arctic Engine3\Arctic Engine\Debug\link.6512.write.1.tlog
C:\Users\connor.connor-PC\Desktop\Arctic Engine3\Arctic Engine\Debug\link.6680-cvtres.read.1.tlog
C:\Users\connor.connor-PC\Desktop\Arctic Engine3\Arctic Engine\Debug\link.6680-cvtres.write.1.tlog
C:\Users\connor.connor-PC\Desktop\Arctic Engine3\Arctic Engine\Debug\link.6680-rc.read.1.tlog
C:\Users\connor.connor-PC\Desktop\Arctic Engine3\Arctic Engine\Debug\link.6680-rc.write.1.tlog
C:\Users\connor.connor-PC\Desktop\Arctic Engine3\Arctic Engine\Debug\link.6680.read.1.tlog
C:\Users\connor.connor-PC\Desktop\Arctic Engine3\Arctic Engine\Debug\link.6680.read.2.tlog
C:\Users\connor.connor-PC\Desktop\Arctic Engine3\Arctic Engine\Debug\link.6680.write.1.tlog
C:\Users\connor.connor-PC\Desktop\Arctic Engine3\Arctic Engine\Debug\link.8060-cvtres.read.1.tlog
C:\Users\connor.connor-PC\Desktop\Arctic Engine3\Arctic Engine\Debug\link.8060-cvtres.write.1.tlog
C:\Users\connor.connor-PC\Desktop\Arctic Engine3\Arctic Engine\Debug\link.8060-rc.read.1.tlog
C:\Users\connor.connor-PC\Desktop\Arctic Engine3\Arctic Engine\Debug\link.8060-rc.write.1.tlog
C:\Users\connor.connor-PC\Desktop\Arctic Engine3\Arctic Engine\Debug\link.8060.read.1.tlog
C:\Users\connor.connor-PC\Desktop\Arctic Engine3\Arctic Engine\Debug\link.8060.read.2.tlog
C:\Users\connor.connor-PC\Desktop\Arctic Engine3\Arctic Engine\Debug\link.8060.write.1.tlog
C:\Users\connor.connor-PC\Desktop\Arctic Engine3\Arctic Engine\Debug\link.8200-cvtres.read.1.tlog
C:\Users\connor.connor-PC\Desktop\Arctic Engine3\Arctic Engine\Debug\link.8200-cvtres.write.1.tlog
C:\Users\connor.connor-PC\Desktop\Arctic Engine3\Arctic Engine\Debug\link.8200-rc.read.1.tlog
C:\Users\connor.connor-PC\Desktop\Arctic Engine3\Arctic Engine\Debug\link.8200-rc.write.1.tlog
C:\Users\connor.connor-PC\Desktop\Arctic Engine3\Arctic Engine\Debug\link.8200.read.1.tlog
C:\Users\connor.connor-PC\Desktop\Arctic Engine3\Arctic Engine\Debug\link.8200.read.2.tlog
C:\Users\connor.connor-PC\Desktop\Arctic Engine3\Arctic Engine\Debug\link.8200.write.1.tlog
C:\Users\connor.connor-PC\Desktop\Arctic Engine3\Arctic Engine\Debug\link.9644-cvtres.read.1.tlog
C:\Users\connor.connor-PC\Desktop\Arctic Engine3\Arctic Engine\Debug\link.9644-cvtres.write.1.tlog
C:\Users\connor.connor-PC\Desktop\Arctic Engine3\Arctic Engine\Debug\link.9644-rc.read.1.tlog
C:\Users\connor.connor-PC\Desktop\Arctic Engine3\Arctic Engine\Debug\link.9644-rc.write.1.tlog
C:\Users\connor.connor-PC\Desktop\Arctic Engine3\Arctic Engine\Debug\link.9644.read.1.tlog
C:\Users\connor.connor-PC\Desktop\Arctic Engine3\Arctic Engine\Debug\link.9644.read.2.tlog
C:\Users\connor.connor-PC\Desktop\Arctic Engine3\Arctic Engine\Debug\link.9644.write.1.tlog
C:\Users\connor.connor-PC\Desktop\Arctic Engine3\Arctic Engine\Debug\link.9760-cvtres.read.1.tlog
C:\Users\connor.connor-PC\Desktop\Arctic Engine3\Arctic Engine\Debug\link.9760-cvtres.write.1.tlog
C:\Users\connor.connor-PC\Desktop\Arctic Engine3\Arctic Engine\Debug\link.9760-rc.read.1.tlog
C:\Users\connor.connor-PC\Desktop\Arctic Engine3\Arctic Engine\Debug\link.9760-rc.write.1.tlog
C:\Users\connor.connor-PC\Desktop\Arctic Engine3\Arctic Engine\Debug\link.9760.read.1.tlog
C:\Users\connor.connor-PC\Desktop\Arctic Engine3\Arctic Engine\Debug\link.9760.read.2.tlog
C:\Users\connor.connor-PC\Desktop\Arctic Engine3\Arctic Engine\Debug\link.9760.write.1.tlog
C:\Users\connor.connor-PC\Desktop\Arctic Engine3\Arctic Engine\Debug\link.9892-cvtres.read.1.tlog
C:\Users\connor.connor-PC\Desktop\Arctic Engine3\Arctic Engine\Debug\link.9892-cvtres.write.1.tlog
C:\Users\connor.connor-PC\Desktop\Arctic Engine3\Arctic Engine\Debug\link.9892-rc.read.1.tlog
C:\Users\connor.connor-PC\Desktop\Arctic Engine3\Arctic Engine\Debug\link.9892-rc.write.1.tlog
C:\Users\connor.connor-PC\Desktop\Arctic Engine3\Arctic Engine\Debug\link.9892.read.1.tlog
C:\Users\connor.connor-PC\Desktop\Arctic Engine3\Arctic Engine\Debug\link.9892.read.2.tlog
C:\Users\connor.connor-PC\Desktop\Arctic Engine3\Arctic Engine\Debug\link.9892.write.1.tlog
C:\Users\connor.connor-PC\Desktop\Arctic Engine3\Arctic Engine\Debug\link.command.1.tlog
C:\Users\connor.connor-PC\Desktop\Arctic Engine3\Arctic Engine\Debug\link.read.1.tlog
C:\Users\connor.connor-PC\Desktop\Arctic Engine3\Arctic Engine\Debug\link.read.2.tlog
C:\Users\connor.connor-PC\Desktop\Arctic Engine3\Arctic Engine\Debug\link.write.1.tlog
C:\Users\connor.connor-PC\Desktop\Arctic Engine3\Arctic Engine\Debug\vc110.idb
C:\Users\connor.connor-PC\Desktop\Arctic Engine3\Arctic Engine\Debug\vc110.pdb
C:\Users\connor.connor-PC\Desktop\Arctic Engine3\Debug\Arctic Engine.pdb
C:\Users\connor.connor-PC\Desktop\Arctic Engine3\Debug\Arctic Engine.exe
C:\Users\connor.connor-PC\Desktop\Arctic Engine3\Debug\Arctic Engine.ilk
